warn: Microsoft.AspNetCore.DataProtection.Repositories.EphemeralXmlRepository[50]
      Using an in-memory repository. Keys will not be persisted to storage.
warn: Microsoft.AspNetCore.DataProtection.KeyManagement.XmlKeyManager[59]
      Neither user profile nor HKLM registry available. Using an ephemeral key repository. Protected data will be unavailable when application exits.
warn: Microsoft.AspNetCore.StaticFiles.StaticFileMiddleware[16]
      The WebRootPath was not found: C:\PROYECTOS\KBs\Design System\NETMySQL002\web\wwwroot. Static files may be unavailable.
info: Microsoft.AspNetCore.DataProtection.KeyManagement.XmlKeyManager[58]
      Creating key {1c8358e8-e981-4fcb-a260-e12205e4bad8} with creation date 2024-12-17 02:11:23Z, activation date 2024-12-17 02:11:23Z, and expiration date 2025-03-17 02:11:23Z.
warn: Microsoft.AspNetCore.DataProtection.KeyManagement.XmlKeyManager[35]
      No XML encryptor configured. Key {1c8358e8-e981-4fcb-a260-e12205e4bad8} may be persisted to storage in unencrypted form.
Hosting environment: Production
Content root path: C:\PROYECTOS\KBs\Design System\NETMySQL002\web
Now listening on: http://127.0.0.1:18463
Application started. Press Ctrl+C to shut down.
info: Microsoft.AspNetCore.Hosting.Diagnostics[1]
      Request starting HTTP/1.1 GET http://localhost/DesignSystemNETMySQL/home.aspx - - -
warn: Microsoft.AspNetCore.Session.SessionMiddleware[7]
      Error unprotecting the session cookie.
      System.Security.Cryptography.CryptographicException: The key {eecae360-6169-46cf-9d60-9ac6e4c32c18} was not found in the key ring. For more information go to https://aka.ms/aspnet/dataprotectionwarning
         at Microsoft.AspNetCore.DataProtection.KeyManagement.KeyRingBasedDataProtector.UnprotectCore(Byte[] protectedData, Boolean allowOperationsOnRevokedKeys, UnprotectStatus& status)
         at Microsoft.AspNetCore.DataProtection.KeyManagement.KeyRingBasedDataProtector.Unprotect(Byte[] protectedData)
         at Microsoft.AspNetCore.Session.CookieProtection.Unprotect(IDataProtector protector, String protectedText, ILogger logger)
GAMTrace-==+++RepositoryCheckPermission ====== START ---
GAMTrace-Parm1:categoriasww_Execute:
GAMTrace-&CacheRepository:{"TimeoutToResetCountFailedOAuthLogins":0,"TimeoutToCompleteRequiredUserDataAfterLogin":0,"TimeoutForUserChangePasswordAfterLogin":0,"TimeoutToFinishOAuthAuthenticationUsingIDP":0,"EnableSSORESTAccessForUndefinedClientIDs":false}
GAMTrace-&Session:{}
GAMTrace-&isOK:false
GAMTrace-&Errors:[]
GAMTrace-==++-RepositoryCheckPermission ====== END !!!
GAMTrace-==+++RepositoryCheckPermission ====== START ---
GAMTrace-Parm1:newblog_Execute:
GAMTrace-&CacheRepository:{"TimeoutToResetCountFailedOAuthLogins":0,"TimeoutToCompleteRequiredUserDataAfterLogin":0,"TimeoutForUserChangePasswordAfterLogin":0,"TimeoutToFinishOAuthAuthenticationUsingIDP":0,"EnableSSORESTAccessForUndefinedClientIDs":false}
GAMTrace-&Session:{}
GAMTrace-&isOK:false
GAMTrace-&Errors:[]
GAMTrace-==++-RepositoryCheckPermission ====== END !!!
GAMTrace-==+++RepositoryCheckPermission ====== START ---
GAMTrace-Parm1:newblogww_Execute:
GAMTrace-&CacheRepository:{"TimeoutToResetCountFailedOAuthLogins":0,"TimeoutToCompleteRequiredUserDataAfterLogin":0,"TimeoutForUserChangePasswordAfterLogin":0,"TimeoutToFinishOAuthAuthenticationUsingIDP":0,"EnableSSORESTAccessForUndefinedClientIDs":false}
GAMTrace-&Session:{}
GAMTrace-&isOK:false
GAMTrace-&Errors:[]
GAMTrace-==++-RepositoryCheckPermission ====== END !!!
GAMTrace-==+++RepositoryCheckPermission ====== START ---
GAMTrace-Parm1:newproductos_Execute:
GAMTrace-&CacheRepository:{"TimeoutToResetCountFailedOAuthLogins":0,"TimeoutToCompleteRequiredUserDataAfterLogin":0,"TimeoutForUserChangePasswordAfterLogin":0,"TimeoutToFinishOAuthAuthenticationUsingIDP":0,"EnableSSORESTAccessForUndefinedClientIDs":false}
GAMTrace-&Session:{}
GAMTrace-&isOK:false
GAMTrace-&Errors:[]
GAMTrace-==++-RepositoryCheckPermission ====== END !!!
GAMTrace-==+++RepositoryCheckPermission ====== START ---
GAMTrace-Parm1:newproductosww_Execute:
GAMTrace-&CacheRepository:{"TimeoutToResetCountFailedOAuthLogins":0,"TimeoutToCompleteRequiredUserDataAfterLogin":0,"TimeoutForUserChangePasswordAfterLogin":0,"TimeoutToFinishOAuthAuthenticationUsingIDP":0,"EnableSSORESTAccessForUndefinedClientIDs":false}
GAMTrace-&Session:{}
GAMTrace-&isOK:false
GAMTrace-&Errors:[]
GAMTrace-==++-RepositoryCheckPermission ====== END !!!
GAMTrace-==+++RepositoryCheckPermission ====== START ---
GAMTrace-Parm1:configuracionempresa_Execute:
GAMTrace-&CacheRepository:{"TimeoutToResetCountFailedOAuthLogins":0,"TimeoutToCompleteRequiredUserDataAfterLogin":0,"TimeoutForUserChangePasswordAfterLogin":0,"TimeoutToFinishOAuthAuthenticationUsingIDP":0,"EnableSSORESTAccessForUndefinedClientIDs":false}
GAMTrace-&Session:{}
GAMTrace-&isOK:false
GAMTrace-&Errors:[]
GAMTrace-==++-RepositoryCheckPermission ====== END !!!
GAMTrace-==+++RepositoryCheckPermission ====== START ---
GAMTrace-Parm1:gamwwusers_Execute:
GAMTrace-&CacheRepository:{"TimeoutToResetCountFailedOAuthLogins":0,"TimeoutToCompleteRequiredUserDataAfterLogin":0,"TimeoutForUserChangePasswordAfterLogin":0,"TimeoutToFinishOAuthAuthenticationUsingIDP":0,"EnableSSORESTAccessForUndefinedClientIDs":false}
GAMTrace-&Session:{}
GAMTrace-&isOK:false
GAMTrace-&Errors:[]
GAMTrace-==++-RepositoryCheckPermission ====== END !!!
GAMTrace-==+++RepositoryCheckPermission ====== START ---
GAMTrace-Parm1:gamwwroles_Execute:
GAMTrace-&CacheRepository:{"TimeoutToResetCountFailedOAuthLogins":0,"TimeoutToCompleteRequiredUserDataAfterLogin":0,"TimeoutForUserChangePasswordAfterLogin":0,"TimeoutToFinishOAuthAuthenticationUsingIDP":0,"EnableSSORESTAccessForUndefinedClientIDs":false}
GAMTrace-&Session:{}
GAMTrace-&isOK:false
GAMTrace-&Errors:[]
GAMTrace-==++-RepositoryCheckPermission ====== END !!!
GAMTrace-==+++RepositoryCheckPermission ====== START ---
GAMTrace-Parm1:gamrepositoryconfiguration_Execute:
GAMTrace-&CacheRepository:{"TimeoutToResetCountFailedOAuthLogins":0,"TimeoutToCompleteRequiredUserDataAfterLogin":0,"TimeoutForUserChangePasswordAfterLogin":0,"TimeoutToFinishOAuthAuthenticationUsingIDP":0,"EnableSSORESTAccessForUndefinedClientIDs":false}
GAMTrace-&Session:{}
GAMTrace-&isOK:false
GAMTrace-&Errors:[]
GAMTrace-==++-RepositoryCheckPermission ====== END !!!
GAMTrace-==+++RepositoryCheckPermission ====== START ---
GAMTrace-Parm1:gamwwconnections_Execute:
GAMTrace-&CacheRepository:{"TimeoutToResetCountFailedOAuthLogins":0,"TimeoutToCompleteRequiredUserDataAfterLogin":0,"TimeoutForUserChangePasswordAfterLogin":0,"TimeoutToFinishOAuthAuthenticationUsingIDP":0,"EnableSSORESTAccessForUndefinedClientIDs":false}
GAMTrace-&Session:{}
GAMTrace-&isOK:false
GAMTrace-&Errors:[]
GAMTrace-==++-RepositoryCheckPermission ====== END !!!
GAMTrace-==+++RepositoryCheckPermission ====== START ---
GAMTrace-Parm1:gamchangerepository_Execute:
GAMTrace-&CacheRepository:{"TimeoutToResetCountFailedOAuthLogins":0,"TimeoutToCompleteRequiredUserDataAfterLogin":0,"TimeoutForUserChangePasswordAfterLogin":0,"TimeoutToFinishOAuthAuthenticationUsingIDP":0,"EnableSSORESTAccessForUndefinedClientIDs":false}
GAMTrace-&Session:{}
GAMTrace-&isOK:false
GAMTrace-&Errors:[]
GAMTrace-==++-RepositoryCheckPermission ====== END !!!
GAMTrace-==+++RepositoryCheckPermission ====== START ---
GAMTrace-Parm1:gamwwsecuritypolicy_Execute:
GAMTrace-&CacheRepository:{"TimeoutToResetCountFailedOAuthLogins":0,"TimeoutToCompleteRequiredUserDataAfterLogin":0,"TimeoutForUserChangePasswordAfterLogin":0,"TimeoutToFinishOAuthAuthenticationUsingIDP":0,"EnableSSORESTAccessForUndefinedClientIDs":false}
GAMTrace-&Session:{}
GAMTrace-&isOK:false
GAMTrace-&Errors:[]
GAMTrace-==++-RepositoryCheckPermission ====== END !!!
GAMTrace-==+++RepositoryCheckPermission ====== START ---
GAMTrace-Parm1:gamwwauthtypes_Execute:
GAMTrace-&CacheRepository:{"TimeoutToResetCountFailedOAuthLogins":0,"TimeoutToCompleteRequiredUserDataAfterLogin":0,"TimeoutForUserChangePasswordAfterLogin":0,"TimeoutToFinishOAuthAuthenticationUsingIDP":0,"EnableSSORESTAccessForUndefinedClientIDs":false}
GAMTrace-&Session:{}
GAMTrace-&isOK:false
GAMTrace-&Errors:[]
GAMTrace-==++-RepositoryCheckPermission ====== END !!!
GAMTrace-==+++RepositoryCheckPermission ====== START ---
GAMTrace-Parm1:gamwweventsubscriptions_Execute:
GAMTrace-&CacheRepository:{"TimeoutToResetCountFailedOAuthLogins":0,"TimeoutToCompleteRequiredUserDataAfterLogin":0,"TimeoutForUserChangePasswordAfterLogin":0,"TimeoutToFinishOAuthAuthenticationUsingIDP":0,"EnableSSORESTAccessForUndefinedClientIDs":false}
GAMTrace-&Session:{}
GAMTrace-&isOK:false
GAMTrace-&Errors:[]
GAMTrace-==++-RepositoryCheckPermission ====== END !!!
GAMTrace-==+++RepositoryCheckPermission ====== START ---
GAMTrace-Parm1:gamwwapplications_Execute:
GAMTrace-&CacheRepository:{"TimeoutToResetCountFailedOAuthLogins":0,"TimeoutToCompleteRequiredUserDataAfterLogin":0,"TimeoutForUserChangePasswordAfterLogin":0,"TimeoutToFinishOAuthAuthenticationUsingIDP":0,"EnableSSORESTAccessForUndefinedClientIDs":false}
GAMTrace-&Session:{}
GAMTrace-&isOK:false
GAMTrace-&Errors:[]
GAMTrace-==++-RepositoryCheckPermission ====== END !!!
info: Microsoft.AspNetCore.Session.DistributedSession[3]
      Session started; Key:e74ae2e7-4860-03a5-51d1-2e2439e9c74d, Id:94a805ea-7314-7655-a87b-9a140b23bddc
info: Microsoft.AspNetCore.Hosting.Diagnostics[2]
      Request finished HTTP/1.1 GET http://localhost/DesignSystemNETMySQL/home.aspx - 200 - text/html 4264.0983ms
info: Microsoft.AspNetCore.Hosting.Diagnostics[1]
      Request starting HTTP/1.1 GET http://localhost/DesignSystemNETMySQL/bootstrap/css/bootstrap.min.css?2024121623105094 - - -
info: Microsoft.AspNetCore.Hosting.Diagnostics[1]
      Request starting HTTP/1.1 GET http://localhost/DesignSystemNETMySQL/DVelop/DVHorizontalMenu/DVHorizontalMenu.css?2024121623105094 - - -
info: Microsoft.AspNetCore.Hosting.Diagnostics[1]
      Request starting HTTP/1.1 GET http://localhost/DesignSystemNETMySQL/DVelop/DVMessage/DVMessage.css?2024121623105094 - - -
info: Microsoft.AspNetCore.Hosting.Diagnostics[1]
      Request starting HTTP/1.1 GET http://localhost/DesignSystemNETMySQL/DVelop/Bootstrap/Shared/DVelopBootstrap.css?2024121623105094 - - -
info: Microsoft.AspNetCore.Hosting.Diagnostics[1]
      Request starting HTTP/1.1 GET http://localhost/DesignSystemNETMySQL/DVelop/Shared/daterangepicker/daterangepicker.css?2024121623105094 - - -
info: Microsoft.AspNetCore.StaticFiles.StaticFileMiddleware[2]
      Sending file. Request path: '/bootstrap/css/bootstrap.min.css'. Physical path: 'C:\PROYECTOS\KBs\Design System\NETMySQL002\web\bootstrap\css\bootstrap.min.css'
info: Microsoft.AspNetCore.StaticFiles.StaticFileMiddleware[2]
      Sending file. Request path: '/DVelop/DVHorizontalMenu/DVHorizontalMenu.css'. Physical path: 'C:\PROYECTOS\KBs\Design System\NETMySQL002\web\DVelop\DVHorizontalMenu\DVHorizontalMenu.css'
info: Microsoft.AspNetCore.StaticFiles.StaticFileMiddleware[2]
      Sending file. Request path: '/DVelop/Shared/daterangepicker/daterangepicker.css'. Physical path: 'C:\PROYECTOS\KBs\Design System\NETMySQL002\web\DVelop\Shared\daterangepicker\daterangepicker.css'
info: Microsoft.AspNetCore.Hosting.Diagnostics[2]
      Request finished HTTP/1.1 GET http://localhost/DesignSystemNETMySQL/DVelop/Shared/daterangepicker/daterangepicker.css?2024121623105094 - 200 - text/css 5.1084ms
info: Microsoft.AspNetCore.Hosting.Diagnostics[2]
      Request finished HTTP/1.1 GET http://localhost/DesignSystemNETMySQL/DVelop/DVHorizontalMenu/DVHorizontalMenu.css?2024121623105094 - 200 - text/css 58.0038ms
info: Microsoft.AspNetCore.Hosting.Diagnostics[2]
      Request finished HTTP/1.1 GET http://localhost/DesignSystemNETMySQL/bootstrap/css/bootstrap.min.css?2024121623105094 - 200 - text/css 64.5192ms
info: Microsoft.AspNetCore.Hosting.Diagnostics[1]
      Request starting HTTP/1.1 GET http://localhost/DesignSystemNETMySQL/DVelop/Bootstrap/Shared/fontawesome_vlatest/css/all.min.css?2024121623105094 - - -
info: Microsoft.AspNetCore.StaticFiles.StaticFileMiddleware[2]
      Sending file. Request path: '/DVelop/DVMessage/DVMessage.css'. Physical path: 'C:\PROYECTOS\KBs\Design System\NETMySQL002\web\DVelop\DVMessage\DVMessage.css'
info: Microsoft.AspNetCore.Hosting.Diagnostics[2]
      Request finished HTTP/1.1 GET http://localhost/DesignSystemNETMySQL/DVelop/DVMessage/DVMessage.css?2024121623105094 - 200 - text/css 56.4522ms
info: Microsoft.AspNetCore.StaticFiles.StaticFileMiddleware[2]
      Sending file. Request path: '/DVelop/Bootstrap/Shared/DVelopBootstrap.css'. Physical path: 'C:\PROYECTOS\KBs\Design System\NETMySQL002\web\DVelop\Bootstrap\Shared\DVelopBootstrap.css'
info: Microsoft.AspNetCore.Hosting.Diagnostics[2]
      Request finished HTTP/1.1 GET http://localhost/DesignSystemNETMySQL/DVelop/Bootstrap/Shared/DVelopBootstrap.css?2024121623105094 - 200 - text/css 9.5043ms
info: Microsoft.AspNetCore.StaticFiles.StaticFileMiddleware[2]
      Sending file. Request path: '/DVelop/Bootstrap/Shared/fontawesome_vlatest/css/all.min.css'. Physical path: 'C:\PROYECTOS\KBs\Design System\NETMySQL002\web\DVelop\Bootstrap\Shared\fontawesome_vlatest\css\all.min.css'
info: Microsoft.AspNetCore.Hosting.Diagnostics[2]
      Request finished HTTP/1.1 GET http://localhost/DesignSystemNETMySQL/DVelop/Bootstrap/Shared/fontawesome_vlatest/css/all.min.css?2024121623105094 - 200 - text/css 10.2703ms
info: Microsoft.AspNetCore.Hosting.Diagnostics[1]
      Request starting HTTP/1.1 GET http://localhost/DesignSystemNETMySQL/calendar-system.css?2024121623105094 - - -
info: Microsoft.AspNetCore.StaticFiles.StaticFileMiddleware[2]
      Sending file. Request path: '/calendar-system.css'. Physical path: 'C:\PROYECTOS\KBs\Design System\NETMySQL002\web\calendar-system.css'
info: Microsoft.AspNetCore.Hosting.Diagnostics[2]
      Request finished HTTP/1.1 GET http://localhost/DesignSystemNETMySQL/calendar-system.css?2024121623105094 - 200 - text/css 2.6422ms
info: Microsoft.AspNetCore.Hosting.Diagnostics[1]
      Request starting HTTP/1.1 GET http://localhost/DesignSystemNETMySQL/Resources/Spanish/WorkWithPlusDS.css?2024121623105094 - - -
info: Microsoft.AspNetCore.StaticFiles.StaticFileMiddleware[2]
      Sending file. Request path: '/Spanish/WorkWithPlusDS.css'. Physical path: 'C:\PROYECTOS\KBs\Design System\NETMySQL002\web\Resources\Spanish\WorkWithPlusDS.css'
info: Microsoft.AspNetCore.Hosting.Diagnostics[2]
      Request finished HTTP/1.1 GET http://localhost/DesignSystemNETMySQL/Resources/Spanish/WorkWithPlusDS.css?2024121623105094 - 200 - text/css 6.0320ms
info: Microsoft.AspNetCore.Hosting.Diagnostics[1]
      Request starting HTTP/1.1 GET http://localhost/DesignSystemNETMySQL/bootstrap/js/bootstrap.min.js?2024121623105094 - - -
info: Microsoft.AspNetCore.Hosting.Diagnostics[1]
      Request starting HTTP/1.1 GET http://localhost/DesignSystemNETMySQL/gxcfg.js?2024121623105094 - - -
info: Microsoft.AspNetCore.StaticFiles.StaticFileMiddleware[2]
      Sending file. Request path: '/gxcfg.js'. Physical path: 'C:\PROYECTOS\KBs\Design System\NETMySQL002\web\gxcfg.js'
info: Microsoft.AspNetCore.Hosting.Diagnostics[2]
      Request finished HTTP/1.1 GET http://localhost/DesignSystemNETMySQL/gxcfg.js?2024121623105094 - 200 667 text/javascript 1.8734ms
info: Microsoft.AspNetCore.StaticFiles.StaticFileMiddleware[2]
      Sending file. Request path: '/bootstrap/js/bootstrap.min.js'. Physical path: 'C:\PROYECTOS\KBs\Design System\NETMySQL002\web\bootstrap\js\bootstrap.min.js'
info: Microsoft.AspNetCore.Hosting.Diagnostics[2]
      Request finished HTTP/1.1 GET http://localhost/DesignSystemNETMySQL/bootstrap/js/bootstrap.min.js?2024121623105094 - 200 39680 text/javascript 3.6044ms
info: Microsoft.AspNetCore.Hosting.Diagnostics[1]
      Request starting HTTP/1.1 GET http://localhost/DesignSystemNETMySQL/messages.spa.js?2024121623105094 - - -
info: Microsoft.AspNetCore.StaticFiles.StaticFileMiddleware[2]
      Sending file. Request path: '/messages.spa.js'. Physical path: 'C:\PROYECTOS\KBs\Design System\NETMySQL002\web\messages.spa.js'
info: Microsoft.AspNetCore.Hosting.Diagnostics[2]
      Request finished HTTP/1.1 GET http://localhost/DesignSystemNETMySQL/messages.spa.js?2024121623105094 - 200 194481 text/javascript 25.4798ms
info: Microsoft.AspNetCore.Hosting.Diagnostics[1]
      Request starting HTTP/1.1 GET http://localhost/DesignSystemNETMySQL/DVelop/Bootstrap/Shared/DVelopBootstrap.js?2024121623105094 - - -
info: Microsoft.AspNetCore.Hosting.Diagnostics[1]
      Request starting HTTP/1.1 GET http://localhost/DesignSystemNETMySQL/DVelop/Bootstrap/Shared/slimmenu/jquery.slimmenu.min.js?2024121623105094 - - -
info: Microsoft.AspNetCore.StaticFiles.StaticFileMiddleware[2]
      Sending file. Request path: '/DVelop/Bootstrap/Shared/slimmenu/jquery.slimmenu.min.js'. Physical path: 'C:\PROYECTOS\KBs\Design System\NETMySQL002\web\DVelop\Bootstrap\Shared\slimmenu\jquery.slimmenu.min.js'
info: Microsoft.AspNetCore.Hosting.Diagnostics[2]
      Request finished HTTP/1.1 GET http://localhost/DesignSystemNETMySQL/DVelop/Bootstrap/Shared/slimmenu/jquery.slimmenu.min.js?2024121623105094 - 200 3442 text/javascript 1.1185ms
info: Microsoft.AspNetCore.StaticFiles.StaticFileMiddleware[2]
      Sending file. Request path: '/DVelop/Bootstrap/Shared/DVelopBootstrap.js'. Physical path: 'C:\PROYECTOS\KBs\Design System\NETMySQL002\web\DVelop\Bootstrap\Shared\DVelopBootstrap.js'
info: Microsoft.AspNetCore.Hosting.Diagnostics[2]
      Request finished HTTP/1.1 GET http://localhost/DesignSystemNETMySQL/DVelop/Bootstrap/Shared/DVelopBootstrap.js?2024121623105094 - 200 162722 text/javascript 6.1714ms
info: Microsoft.AspNetCore.Hosting.Diagnostics[1]
      Request starting HTTP/1.1 GET http://localhost/DesignSystemNETMySQL/DVelop/Shared/WorkWithPlusCommon.js?2024121623105094 - - -
info: Microsoft.AspNetCore.StaticFiles.StaticFileMiddleware[2]
      Sending file. Request path: '/DVelop/Shared/WorkWithPlusCommon.js'. Physical path: 'C:\PROYECTOS\KBs\Design System\NETMySQL002\web\DVelop\Shared\WorkWithPlusCommon.js'
info: Microsoft.AspNetCore.Hosting.Diagnostics[2]
      Request finished HTTP/1.1 GET http://localhost/DesignSystemNETMySQL/DVelop/Shared/WorkWithPlusCommon.js?2024121623105094 - 200 38383 text/javascript 4.0311ms
info: Microsoft.AspNetCore.Hosting.Diagnostics[1]
      Request starting HTTP/1.1 GET http://localhost/DesignSystemNETMySQL/DVelop/DVHorizontalMenu/DVHorizontalMenuRender.js?2024121623105094 - - -
info: Microsoft.AspNetCore.StaticFiles.StaticFileMiddleware[2]
      Sending file. Request path: '/DVelop/DVHorizontalMenu/DVHorizontalMenuRender.js'. Physical path: 'C:\PROYECTOS\KBs\Design System\NETMySQL002\web\DVelop\DVHorizontalMenu\DVHorizontalMenuRender.js'
info: Microsoft.AspNetCore.Hosting.Diagnostics[1]
      Request starting HTTP/1.1 GET http://localhost/DesignSystemNETMySQL/DVelop/Bootstrap/DropDownOptions/BootstrapDropDownOptionsRender.js?2024121623105094 - - -
info: Microsoft.AspNetCore.Hosting.Diagnostics[2]
      Request finished HTTP/1.1 GET http://localhost/DesignSystemNETMySQL/DVelop/DVHorizontalMenu/DVHorizontalMenuRender.js?2024121623105094 - 200 11357 text/javascript 2.5721ms
info: Microsoft.AspNetCore.Hosting.Diagnostics[1]
      Request starting HTTP/1.1 GET http://localhost/DesignSystemNETMySQL/DVelop/Bootstrap/Tooltip/BootstrapTooltipRender.js?2024121623105094 - - -
info: Microsoft.AspNetCore.StaticFiles.StaticFileMiddleware[2]
      Sending file. Request path: '/DVelop/Bootstrap/DropDownOptions/BootstrapDropDownOptionsRender.js'. Physical path: 'C:\PROYECTOS\KBs\Design System\NETMySQL002\web\DVelop\Bootstrap\DropDownOptions\BootstrapDropDownOptionsRender.js'
info: Microsoft.AspNetCore.Hosting.Diagnostics[1]
      Request starting HTTP/1.1 GET http://localhost/DesignSystemNETMySQL/DVelop/DVMessage/pnotify.custom.js?2024121623105094 - - -
info: Microsoft.AspNetCore.Hosting.Diagnostics[2]
      Request finished HTTP/1.1 GET http://localhost/DesignSystemNETMySQL/DVelop/Bootstrap/DropDownOptions/BootstrapDropDownOptionsRender.js?2024121623105094 - 200 29342 text/javascript 1.3063ms
info: Microsoft.AspNetCore.Hosting.Diagnostics[1]
      Request starting HTTP/1.1 GET http://localhost/DesignSystemNETMySQL/DVelop/DVMessage/DVMessageRender.js?2024121623105094 - - -
info: Microsoft.AspNetCore.Hosting.Diagnostics[1]
      Request starting HTTP/1.1 GET http://localhost/DesignSystemNETMySQL/DVelop/Mask/jquery.mask.js?2024121623105094 - - -
info: Microsoft.AspNetCore.StaticFiles.StaticFileMiddleware[2]
      Sending file. Request path: '/DVelop/DVMessage/pnotify.custom.js'. Physical path: 'C:\PROYECTOS\KBs\Design System\NETMySQL002\web\DVelop\DVMessage\pnotify.custom.js'
info: Microsoft.AspNetCore.StaticFiles.StaticFileMiddleware[2]
      Sending file. Request path: '/DVelop/Bootstrap/Tooltip/BootstrapTooltipRender.js'. Physical path: 'C:\PROYECTOS\KBs\Design System\NETMySQL002\web\DVelop\Bootstrap\Tooltip\BootstrapTooltipRender.js'
info: Microsoft.AspNetCore.Hosting.Diagnostics[2]
      Request finished HTTP/1.1 GET http://localhost/DesignSystemNETMySQL/DVelop/DVMessage/pnotify.custom.js?2024121623105094 - 200 80823 text/javascript 1.8666ms
info: Microsoft.AspNetCore.Hosting.Diagnostics[2]
      Request finished HTTP/1.1 GET http://localhost/DesignSystemNETMySQL/DVelop/Bootstrap/Tooltip/BootstrapTooltipRender.js?2024121623105094 - 200 5930 text/javascript 2.8222ms
info: Microsoft.AspNetCore.StaticFiles.StaticFileMiddleware[2]
      Sending file. Request path: '/DVelop/DVMessage/DVMessageRender.js'. Physical path: 'C:\PROYECTOS\KBs\Design System\NETMySQL002\web\DVelop\DVMessage\DVMessageRender.js'
info: Microsoft.AspNetCore.Hosting.Diagnostics[2]
      Request finished HTTP/1.1 GET http://localhost/DesignSystemNETMySQL/DVelop/DVMessage/DVMessageRender.js?2024121623105094 - 200 14492 text/javascript 1.7112ms
info: Microsoft.AspNetCore.StaticFiles.StaticFileMiddleware[2]
      Sending file. Request path: '/DVelop/Mask/jquery.mask.js'. Physical path: 'C:\PROYECTOS\KBs\Design System\NETMySQL002\web\DVelop\Mask\jquery.mask.js'
info: Microsoft.AspNetCore.Hosting.Diagnostics[2]
      Request finished HTTP/1.1 GET http://localhost/DesignSystemNETMySQL/DVelop/Mask/jquery.mask.js?2024121623105094 - 200 23979 text/javascript 2.1957ms
info: Microsoft.AspNetCore.Hosting.Diagnostics[1]
      Request starting HTTP/1.1 GET http://localhost/DesignSystemNETMySQL/DVelop/WorkWithPlusUtilities/WorkWithPlusUtilitiesRender.js?2024121623105094 - - -
info: Microsoft.AspNetCore.Hosting.Diagnostics[1]
      Request starting HTTP/1.1 GET http://localhost/DesignSystemNETMySQL/DVelop/WorkWithPlusUtilities/BootstrapSelect.js?2024121623105094 - - -
info: Microsoft.AspNetCore.StaticFiles.StaticFileMiddleware[2]
      Sending file. Request path: '/DVelop/WorkWithPlusUtilities/WorkWithPlusUtilitiesRender.js'. Physical path: 'C:\PROYECTOS\KBs\Design System\NETMySQL002\web\DVelop\WorkWithPlusUtilities\WorkWithPlusUtilitiesRender.js'
info: Microsoft.AspNetCore.Hosting.Diagnostics[2]
      Request finished HTTP/1.1 GET http://localhost/DesignSystemNETMySQL/DVelop/WorkWithPlusUtilities/WorkWithPlusUtilitiesRender.js?2024121623105094 - 200 47662 text/javascript 2.0260ms
info: Microsoft.AspNetCore.StaticFiles.StaticFileMiddleware[2]
      Sending file. Request path: '/DVelop/WorkWithPlusUtilities/BootstrapSelect.js'. Physical path: 'C:\PROYECTOS\KBs\Design System\NETMySQL002\web\DVelop\WorkWithPlusUtilities\BootstrapSelect.js'
info: Microsoft.AspNetCore.Hosting.Diagnostics[2]
      Request finished HTTP/1.1 GET http://localhost/DesignSystemNETMySQL/DVelop/WorkWithPlusUtilities/BootstrapSelect.js?2024121623105094 - 200 52902 text/javascript 2.2569ms
info: Microsoft.AspNetCore.Hosting.Diagnostics[1]
      Request starting HTTP/1.1 GET http://localhost/DesignSystemNETMySQL/DVelop/Shared/daterangepicker/moment.min.js?2024121623105094 - - -
info: Microsoft.AspNetCore.Hosting.Diagnostics[1]
      Request starting HTTP/1.1 GET http://localhost/DesignSystemNETMySQL/DVelop/Shared/daterangepicker/wwp-daterangepicker.js?2024121623105094 - - -
info: Microsoft.AspNetCore.Hosting.Diagnostics[1]
      Request starting HTTP/1.1 GET http://localhost/DesignSystemNETMySQL/DVelop/Shared/daterangepicker/locales.js?2024121623105094 - - -
info: Microsoft.AspNetCore.StaticFiles.StaticFileMiddleware[2]
      Sending file. Request path: '/DVelop/Shared/daterangepicker/wwp-daterangepicker.js'. Physical path: 'C:\PROYECTOS\KBs\Design System\NETMySQL002\web\DVelop\Shared\daterangepicker\wwp-daterangepicker.js'
info: Microsoft.AspNetCore.Hosting.Diagnostics[2]
      Request finished HTTP/1.1 GET http://localhost/DesignSystemNETMySQL/DVelop/Shared/daterangepicker/wwp-daterangepicker.js?2024121623105094 - 200 10821 text/javascript 0.9599ms
info: Microsoft.AspNetCore.StaticFiles.StaticFileMiddleware[2]
      Sending file. Request path: '/DVelop/Shared/daterangepicker/moment.min.js'. Physical path: 'C:\PROYECTOS\KBs\Design System\NETMySQL002\web\DVelop\Shared\daterangepicker\moment.min.js'
info: Microsoft.AspNetCore.Hosting.Diagnostics[2]
      Request finished HTTP/1.1 GET http://localhost/DesignSystemNETMySQL/DVelop/Shared/daterangepicker/moment.min.js?2024121623105094 - 200 59101 text/javascript 3.4664ms
info: Microsoft.AspNetCore.StaticFiles.StaticFileMiddleware[2]
      Sending file. Request path: '/DVelop/Shared/daterangepicker/locales.js'. Physical path: 'C:\PROYECTOS\KBs\Design System\NETMySQL002\web\DVelop\Shared\daterangepicker\locales.js'
info: Microsoft.AspNetCore.Hosting.Diagnostics[2]
      Request finished HTTP/1.1 GET http://localhost/DesignSystemNETMySQL/DVelop/Shared/daterangepicker/locales.js?2024121623105094 - 200 6282 text/javascript 4.3519ms
info: Microsoft.AspNetCore.Hosting.Diagnostics[1]
      Request starting HTTP/1.1 GET http://localhost/DesignSystemNETMySQL/DVelop/Shared/daterangepicker/daterangepicker.min.js?2024121623105094 - - -
info: Microsoft.AspNetCore.StaticFiles.StaticFileMiddleware[2]
      Sending file. Request path: '/DVelop/Shared/daterangepicker/daterangepicker.min.js'. Physical path: 'C:\PROYECTOS\KBs\Design System\NETMySQL002\web\DVelop\Shared\daterangepicker\daterangepicker.min.js'
info: Microsoft.AspNetCore.Hosting.Diagnostics[2]
      Request finished HTTP/1.1 GET http://localhost/DesignSystemNETMySQL/DVelop/Shared/daterangepicker/daterangepicker.min.js?2024121623105094 - 200 62418 text/javascript 4.0579ms
info: Microsoft.AspNetCore.Hosting.Diagnostics[1]
      Request starting HTTP/1.1 GET http://localhost/DesignSystemNETMySQL/DVelop/DatePicker/DatePickerRender.js?2024121623105094 - - -
info: Microsoft.AspNetCore.Hosting.Diagnostics[1]
      Request starting HTTP/1.1 GET http://localhost/DesignSystemNETMySQL/DVelop/Popover/WWPPopoverRender.js?2024121623105094 - - -
info: Microsoft.AspNetCore.StaticFiles.StaticFileMiddleware[2]
      Sending file. Request path: '/DVelop/DatePicker/DatePickerRender.js'. Physical path: 'C:\PROYECTOS\KBs\Design System\NETMySQL002\web\DVelop\DatePicker\DatePickerRender.js'
info: Microsoft.AspNetCore.StaticFiles.StaticFileMiddleware[2]
      Sending file. Request path: '/DVelop/Popover/WWPPopoverRender.js'. Physical path: 'C:\PROYECTOS\KBs\Design System\NETMySQL002\web\DVelop\Popover\WWPPopoverRender.js'
info: Microsoft.AspNetCore.Hosting.Diagnostics[2]
      Request finished HTTP/1.1 GET http://localhost/DesignSystemNETMySQL/DVelop/Popover/WWPPopoverRender.js?2024121623105094 - 200 16392 text/javascript 2.5485ms
info: Microsoft.AspNetCore.Hosting.Diagnostics[2]
      Request finished HTTP/1.1 GET http://localhost/DesignSystemNETMySQL/DVelop/DatePicker/DatePickerRender.js?2024121623105094 - 200 3134 text/javascript 6.1459ms
info: Microsoft.AspNetCore.Hosting.Diagnostics[1]
      Request starting HTTP/1.1 POST http://localhost/DesignSystemNETMySQL/home.aspx?c01d04b1610243d2a2af23e7952e8b188268c505795435bc14bf68292b51276d,gx-no-cache=1734401488586 - application/json 2497
info: Microsoft.AspNetCore.Hosting.Diagnostics[2]
      Request finished HTTP/1.1 POST http://localhost/DesignSystemNETMySQL/home.aspx?c01d04b1610243d2a2af23e7952e8b188268c505795435bc14bf68292b51276d,gx-no-cache=1734401488586 - 200 - application/json 55.6499ms
info: Microsoft.AspNetCore.Hosting.Diagnostics[1]
      Request starting HTTP/1.1 POST http://localhost/DesignSystemNETMySQL/home.aspx?c01d04b1610243d2a2af23e7952e8b188268c505795435bc14bf68292b51276d,gx-no-cache=1734401490881 - application/json 239
info: Microsoft.AspNetCore.Hosting.Diagnostics[2]
      Request finished HTTP/1.1 POST http://localhost/DesignSystemNETMySQL/home.aspx?c01d04b1610243d2a2af23e7952e8b188268c505795435bc14bf68292b51276d,gx-no-cache=1734401490881 - 200 - application/json 913.9253ms
info: Microsoft.AspNetCore.Hosting.Diagnostics[1]
      Request starting HTTP/1.1 GET http://localhost/DesignSystemNETMySQL/UserControls/WWP_IconButtonRender.js?2024121623105094 - - -
info: Microsoft.AspNetCore.StaticFiles.StaticFileMiddleware[2]
      Sending file. Request path: '/UserControls/WWP_IconButtonRender.js'. Physical path: 'C:\PROYECTOS\KBs\Design System\NETMySQL002\web\UserControls\WWP_IconButtonRender.js'
info: Microsoft.AspNetCore.Hosting.Diagnostics[2]
      Request finished HTTP/1.1 GET http://localhost/DesignSystemNETMySQL/UserControls/WWP_IconButtonRender.js?2024121623105094 - 200 1728 text/javascript 1.6131ms
info: Microsoft.AspNetCore.Hosting.Diagnostics[1]
      Request starting HTTP/1.1 POST http://localhost/DesignSystemNETMySQL/home.aspx?c01d04b1610243d2a2af23e7952e8b188268c505795435bc14bf68292b51276d,gx-no-cache=1734401492973 - application/json 177
info: Microsoft.AspNetCore.Hosting.Diagnostics[2]
      Request finished HTTP/1.1 POST http://localhost/DesignSystemNETMySQL/home.aspx?c01d04b1610243d2a2af23e7952e8b188268c505795435bc14bf68292b51276d,gx-no-cache=1734401492973 - 200 - application/json 5.5100ms
info: Microsoft.AspNetCore.Hosting.Diagnostics[1]
      Request starting HTTP/1.1 GET http://localhost/DesignSystemNETMySQL/dslogin.aspx - - -
info: Microsoft.AspNetCore.Hosting.Diagnostics[2]
      Request finished HTTP/1.1 GET http://localhost/DesignSystemNETMySQL/dslogin.aspx - 200 - text/html 1920.3450ms
info: Microsoft.AspNetCore.Hosting.Diagnostics[1]
      Request starting HTTP/1.1 POST http://localhost/DesignSystemNETMySQL/dslogin.aspx?c01d04b1610243d2a2af23e7952e8b188268c505795435bc14bf68292b51276d,gx-no-cache=1734401507531 - application/json 231
info: Microsoft.AspNetCore.Hosting.Diagnostics[2]
      Request finished HTTP/1.1 POST http://localhost/DesignSystemNETMySQL/dslogin.aspx?c01d04b1610243d2a2af23e7952e8b188268c505795435bc14bf68292b51276d,gx-no-cache=1734401507531 - 200 - application/json 495.7082ms
info: Microsoft.AspNetCore.Hosting.Diagnostics[1]
      Request starting HTTP/1.1 POST http://localhost/DesignSystemNETMySQL/dslogin.aspx?c01d04b1610243d2a2af23e7952e8b188268c505795435bc14bf68292b51276d,gx-no-cache=1734401510538 - application/json 223
info: Microsoft.AspNetCore.Hosting.Diagnostics[2]
      Request finished HTTP/1.1 POST http://localhost/DesignSystemNETMySQL/dslogin.aspx?c01d04b1610243d2a2af23e7952e8b188268c505795435bc14bf68292b51276d,gx-no-cache=1734401510538 - 200 - application/json 410.4319ms
info: Microsoft.AspNetCore.Hosting.Diagnostics[1]
      Request starting HTTP/1.1 POST http://127.0.0.1:18463/DESIGNSYSTEMNETMYSQL/iisintegration - - 0
info: Microsoft.AspNetCore.Hosting.Diagnostics[2]
      Request finished HTTP/1.1 POST http://127.0.0.1:18463/DESIGNSYSTEMNETMYSQL/iisintegration - 202 0 - 0.2635ms
