warn: Microsoft.AspNetCore.DataProtection.Repositories.EphemeralXmlRepository[50]
      Using an in-memory repository. Keys will not be persisted to storage.
warn: Microsoft.AspNetCore.DataProtection.KeyManagement.XmlKeyManager[59]
      Neither user profile nor HKLM registry available. Using an ephemeral key repository. Protected data will be unavailable when application exits.
warn: Microsoft.AspNetCore.StaticFiles.StaticFileMiddleware[16]
      The WebRootPath was not found: C:\PROYECTOS\KBs\Design System\NETMySQL002\web\wwwroot. Static files may be unavailable.
info: Microsoft.AspNetCore.DataProtection.KeyManagement.XmlKeyManager[58]
      Creating key {50968123-d344-4495-9c3c-03dae3bdee51} with creation date 2024-12-17 02:52:21Z, activation date 2024-12-17 02:52:21Z, and expiration date 2025-03-17 02:52:21Z.
warn: Microsoft.AspNetCore.DataProtection.KeyManagement.XmlKeyManager[35]
      No XML encryptor configured. Key {50968123-d344-4495-9c3c-03dae3bdee51} may be persisted to storage in unencrypted form.
Hosting environment: Production
Content root path: C:\PROYECTOS\KBs\Design System\NETMySQL002\web
Now listening on: http://127.0.0.1:14987
Application started. Press Ctrl+C to shut down.
info: Microsoft.AspNetCore.Hosting.Diagnostics[1]
      Request starting HTTP/1.1 GET http://localhost/DesignSystemNETMySQL/dslogin.aspx - - -
warn: Microsoft.AspNetCore.Session.SessionMiddleware[7]
      Error unprotecting the session cookie.
      System.Security.Cryptography.CryptographicException: The key {1255a4b6-053f-490a-a02b-390375b80d3d} was not found in the key ring. For more information go to https://aka.ms/aspnet/dataprotectionwarning
         at Microsoft.AspNetCore.DataProtection.KeyManagement.KeyRingBasedDataProtector.UnprotectCore(Byte[] protectedData, Boolean allowOperationsOnRevokedKeys, UnprotectStatus& status)
         at Microsoft.AspNetCore.DataProtection.KeyManagement.KeyRingBasedDataProtector.Unprotect(Byte[] protectedData)
         at Microsoft.AspNetCore.Session.CookieProtection.Unprotect(IDataProtector protector, String protectedText, ILogger logger)
info: Microsoft.AspNetCore.Session.DistributedSession[3]
      Session started; Key:d7abcac9-e5c4-5159-bd65-ebbf17a2885c, Id:da8bbbf3-1fd1-11c6-c60d-7affdbe717b8
info: Microsoft.AspNetCore.Hosting.Diagnostics[2]
      Request finished HTTP/1.1 GET http://localhost/DesignSystemNETMySQL/dslogin.aspx - 200 - text/html 13093.3813ms
info: Microsoft.AspNetCore.Hosting.Diagnostics[1]
      Request starting HTTP/1.1 GET http://localhost/DesignSystemNETMySQL/gxcfg.js?2024121623105094 - - -
info: Microsoft.AspNetCore.Hosting.Diagnostics[1]
      Request starting HTTP/1.1 GET http://localhost/DesignSystemNETMySQL/messages.spa.js?2024121623105094 - - -
info: Microsoft.AspNetCore.StaticFiles.StaticFileMiddleware[2]
      Sending file. Request path: '/gxcfg.js'. Physical path: 'C:\PROYECTOS\KBs\Design System\NETMySQL002\web\gxcfg.js'
info: Microsoft.AspNetCore.Hosting.Diagnostics[2]
      Request finished HTTP/1.1 GET http://localhost/DesignSystemNETMySQL/gxcfg.js?2024121623105094 - 200 754 text/javascript 68.9821ms
info: Microsoft.AspNetCore.StaticFiles.StaticFileMiddleware[2]
      Sending file. Request path: '/messages.spa.js'. Physical path: 'C:\PROYECTOS\KBs\Design System\NETMySQL002\web\messages.spa.js'
info: Microsoft.AspNetCore.Hosting.Diagnostics[2]
      Request finished HTTP/1.1 GET http://localhost/DesignSystemNETMySQL/messages.spa.js?2024121623105094 - 200 210162 text/javascript 67.1406ms
info: Microsoft.AspNetCore.Hosting.Diagnostics[1]
      Request starting HTTP/1.1 POST http://localhost/DesignSystemNETMySQL/dslogin.aspx?c01d04b1610243d2a2af23e7952e8b18d54513e410f321ff3dcce22dbd1abde9,gx-no-cache=1734403957996 - application/json 258
info: Microsoft.AspNetCore.Hosting.Diagnostics[2]
      Request finished HTTP/1.1 POST http://localhost/DesignSystemNETMySQL/dslogin.aspx?c01d04b1610243d2a2af23e7952e8b18d54513e410f321ff3dcce22dbd1abde9,gx-no-cache=1734403957996 - 200 - application/json 16188.2219ms
info: Microsoft.AspNetCore.Hosting.Diagnostics[1]
      Request starting HTTP/1.1 GET http://localhost/DesignSystemNETMySQL/home.aspx - - -
info: Microsoft.AspNetCore.Hosting.Diagnostics[2]
      Request finished HTTP/1.1 GET http://localhost/DesignSystemNETMySQL/home.aspx - 200 - text/html 5510.0812ms
info: Microsoft.AspNetCore.Hosting.Diagnostics[1]
      Request starting HTTP/1.1 POST http://localhost/DesignSystemNETMySQL/home.aspx?c01d04b1610243d2a2af23e7952e8b18d54513e410f321ff3dcce22dbd1abde9,gx-no-cache=1734403980217 - application/json 2497
info: Microsoft.AspNetCore.Hosting.Diagnostics[2]
      Request finished HTTP/1.1 POST http://localhost/DesignSystemNETMySQL/home.aspx?c01d04b1610243d2a2af23e7952e8b18d54513e410f321ff3dcce22dbd1abde9,gx-no-cache=1734403980217 - 200 - application/json 17.7624ms
info: Microsoft.AspNetCore.Hosting.Diagnostics[1]
      Request starting HTTP/1.1 POST http://localhost/DesignSystemNETMySQL/home.aspx?c01d04b1610243d2a2af23e7952e8b18d54513e410f321ff3dcce22dbd1abde9,gx-no-cache=1734404008143 - application/json 244
info: Microsoft.AspNetCore.Hosting.Diagnostics[2]
      Request finished HTTP/1.1 POST http://localhost/DesignSystemNETMySQL/home.aspx?c01d04b1610243d2a2af23e7952e8b18d54513e410f321ff3dcce22dbd1abde9,gx-no-cache=1734404008143 - 200 - application/json 1942.4450ms
info: Microsoft.AspNetCore.Hosting.Diagnostics[1]
      Request starting HTTP/1.1 GET http://localhost/DesignSystemNETMySQL/wwpbaseobjects/wwp_searchwc.js?20241216141434 - - -
info: Microsoft.AspNetCore.StaticFiles.StaticFileMiddleware[2]
      Sending file. Request path: '/wwpbaseobjects/wwp_searchwc.js'. Physical path: 'C:\PROYECTOS\KBs\Design System\NETMySQL002\web\wwpbaseobjects\wwp_searchwc.js'
info: Microsoft.AspNetCore.Hosting.Diagnostics[2]
      Request finished HTTP/1.1 GET http://localhost/DesignSystemNETMySQL/wwpbaseobjects/wwp_searchwc.js?20241216141434 - 200 43089 text/javascript 3.5078ms
info: Microsoft.AspNetCore.Hosting.Diagnostics[1]
      Request starting HTTP/1.1 GET http://localhost/DesignSystemNETMySQL/blog.aspx - - -
info: Microsoft.AspNetCore.Hosting.Diagnostics[2]
      Request finished HTTP/1.1 GET http://localhost/DesignSystemNETMySQL/blog.aspx - 200 - text/html 4492.7849ms
info: Microsoft.AspNetCore.Hosting.Diagnostics[1]
      Request starting HTTP/1.1 GET http://localhost/DesignSystemNETMySQL/blog.js?2024121614303115 - - -
info: Microsoft.AspNetCore.StaticFiles.StaticFileMiddleware[2]
      Sending file. Request path: '/blog.js'. Physical path: 'C:\PROYECTOS\KBs\Design System\NETMySQL002\web\blog.js'
info: Microsoft.AspNetCore.Hosting.Diagnostics[2]
      Request finished HTTP/1.1 GET http://localhost/DesignSystemNETMySQL/blog.js?2024121614303115 - 200 14349 text/javascript 3.7771ms
info: Microsoft.AspNetCore.Hosting.Diagnostics[1]
      Request starting HTTP/1.1 GET http://localhost/DesignSystemNETMySQL/blog.aspx - - -
info: Microsoft.AspNetCore.Hosting.Diagnostics[2]
      Request finished HTTP/1.1 GET http://localhost/DesignSystemNETMySQL/blog.aspx - 200 - text/html 8266.2895ms
info: Microsoft.AspNetCore.Hosting.Diagnostics[1]
      Request starting HTTP/1.1 POST http://localhost/DesignSystemNETMySQL/blog.aspx?c01d04b1610243d2a2af23e7952e8b18d54513e410f321ff3dcce22dbd1abde9,gx-no-cache=1734404046345 - application/json 239
info: Microsoft.AspNetCore.Hosting.Diagnostics[2]
      Request finished HTTP/1.1 POST http://localhost/DesignSystemNETMySQL/blog.aspx?c01d04b1610243d2a2af23e7952e8b18d54513e410f321ff3dcce22dbd1abde9,gx-no-cache=1734404046345 - 200 - application/json 1986.5233ms
info: Microsoft.AspNetCore.Hosting.Diagnostics[1]
      Request starting HTTP/1.1 POST http://localhost/DesignSystemNETMySQL/blog.aspx?c01d04b1610243d2a2af23e7952e8b18d54513e410f321ff3dcce22dbd1abde9,gx-no-cache=1734404052829 - application/json 513
info: Microsoft.AspNetCore.Hosting.Diagnostics[2]
      Request finished HTTP/1.1 POST http://localhost/DesignSystemNETMySQL/blog.aspx?c01d04b1610243d2a2af23e7952e8b18d54513e410f321ff3dcce22dbd1abde9,gx-no-cache=1734404052829 - 200 - application/json 7.3487ms
info: Microsoft.AspNetCore.Hosting.Diagnostics[1]
      Request starting HTTP/1.1 GET http://localhost/DesignSystemNETMySQL/perfil.aspx - - -
info: Microsoft.AspNetCore.Hosting.Diagnostics[2]
      Request finished HTTP/1.1 GET http://localhost/DesignSystemNETMySQL/perfil.aspx - 200 - text/html 7099.4552ms
info: Microsoft.AspNetCore.Hosting.Diagnostics[1]
      Request starting HTTP/1.1 GET http://localhost/DesignSystemNETMySQL/https:/ - - -
info: Microsoft.AspNetCore.Hosting.Diagnostics[1]
      Request starting HTTP/1.1 GET http://localhost/DesignSystemNETMySQL/shared/HistoryManager/HistoryManager.js?2024121623105094 - - -
info: Microsoft.AspNetCore.StaticFiles.StaticFileMiddleware[2]
      Sending file. Request path: '/shared/HistoryManager/HistoryManager.js'. Physical path: 'C:\PROYECTOS\KBs\Design System\NETMySQL002\web\shared\HistoryManager\HistoryManager.js'
info: Microsoft.AspNetCore.Hosting.Diagnostics[2]
      Request finished HTTP/1.1 GET http://localhost/DesignSystemNETMySQL/shared/HistoryManager/HistoryManager.js?2024121623105094 - 200 4476 text/javascript 11.3607ms
fail: Microsoft.AspNetCore.Diagnostics.ExceptionHandlerMiddleware[1]
      An unhandled exception has occurred while executing the request.
      GeneXus.HttpHandlerFactory.PageNotFoundException: /https:/
         at GeneXus.Application.Startup.<>c.<<Configure>b__26_4>d.MoveNext()
      --- End of stack trace from previous location ---
         at Microsoft.AspNetCore.Builder.RouterMiddleware.Invoke(HttpContext httpContext)
         at Microsoft.AspNetCore.Diagnostics.ExceptionHandlerMiddlewareImpl.<Invoke>g__Awaited|10_0(ExceptionHandlerMiddlewareImpl middleware, HttpContext context, Task task)
info: Microsoft.AspNetCore.Hosting.Diagnostics[2]
      Request finished HTTP/1.1 GET http://localhost/DesignSystemNETMySQL/https:/ - 404 0 - 38.3933ms
info: Microsoft.AspNetCore.Hosting.Diagnostics[1]
      Request starting HTTP/1.1 GET http://localhost/DesignSystemNETMySQL/shared/HistoryManager/rsh/json2005.js?2024121623105094 - - -
info: Microsoft.AspNetCore.StaticFiles.StaticFileMiddleware[2]
      Sending file. Request path: '/shared/HistoryManager/rsh/json2005.js'. Physical path: 'C:\PROYECTOS\KBs\Design System\NETMySQL002\web\shared\HistoryManager\rsh\json2005.js'
info: Microsoft.AspNetCore.Hosting.Diagnostics[2]
      Request finished HTTP/1.1 GET http://localhost/DesignSystemNETMySQL/shared/HistoryManager/rsh/json2005.js?2024121623105094 - 200 8555 text/javascript 1.6707ms
info: Microsoft.AspNetCore.Hosting.Diagnostics[1]
      Request starting HTTP/1.1 GET http://localhost/DesignSystemNETMySQL/shared/HistoryManager/rsh/rsh.js?2024121623105094 - - -
info: Microsoft.AspNetCore.StaticFiles.StaticFileMiddleware[2]
      Sending file. Request path: '/shared/HistoryManager/rsh/rsh.js'. Physical path: 'C:\PROYECTOS\KBs\Design System\NETMySQL002\web\shared\HistoryManager\rsh\rsh.js'
info: Microsoft.AspNetCore.Hosting.Diagnostics[2]
      Request finished HTTP/1.1 GET http://localhost/DesignSystemNETMySQL/shared/HistoryManager/rsh/rsh.js?2024121623105094 - 200 8821 text/javascript 3.3181ms
info: Microsoft.AspNetCore.Hosting.Diagnostics[1]
      Request starting HTTP/1.1 GET http://localhost/DesignSystemNETMySQL/shared/HistoryManager/HistoryManagerCreate.js?2024121623105094 - - -
info: Microsoft.AspNetCore.StaticFiles.StaticFileMiddleware[2]
      Sending file. Request path: '/shared/HistoryManager/HistoryManagerCreate.js'. Physical path: 'C:\PROYECTOS\KBs\Design System\NETMySQL002\web\shared\HistoryManager\HistoryManagerCreate.js'
info: Microsoft.AspNetCore.Hosting.Diagnostics[2]
      Request finished HTTP/1.1 GET http://localhost/DesignSystemNETMySQL/shared/HistoryManager/HistoryManagerCreate.js?2024121623105094 - 200 350 text/javascript 1.4797ms
info: Microsoft.AspNetCore.Hosting.Diagnostics[1]
      Request starting HTTP/1.1 GET http://localhost/DesignSystemNETMySQL/Tab/TabRender.js?2024121623105094 - - -
info: Microsoft.AspNetCore.StaticFiles.StaticFileMiddleware[2]
      Sending file. Request path: '/Tab/TabRender.js'. Physical path: 'C:\PROYECTOS\KBs\Design System\NETMySQL002\web\Tab\TabRender.js'
info: Microsoft.AspNetCore.Hosting.Diagnostics[2]
      Request finished HTTP/1.1 GET http://localhost/DesignSystemNETMySQL/Tab/TabRender.js?2024121623105094 - 200 3705 text/javascript 3.4973ms
info: Microsoft.AspNetCore.Hosting.Diagnostics[1]
      Request starting HTTP/1.1 GET http://localhost/DesignSystemNETMySQL/DVelop/Bootstrap/Panel/BootstrapPanelRender.js?2024121623105094 - - -
info: Microsoft.AspNetCore.StaticFiles.StaticFileMiddleware[2]
      Sending file. Request path: '/DVelop/Bootstrap/Panel/BootstrapPanelRender.js'. Physical path: 'C:\PROYECTOS\KBs\Design System\NETMySQL002\web\DVelop\Bootstrap\Panel\BootstrapPanelRender.js'
info: Microsoft.AspNetCore.Hosting.Diagnostics[2]
      Request finished HTTP/1.1 GET http://localhost/DesignSystemNETMySQL/DVelop/Bootstrap/Panel/BootstrapPanelRender.js?2024121623105094 - 200 710 text/javascript 1.3475ms
info: Microsoft.AspNetCore.Hosting.Diagnostics[1]
      Request starting HTTP/1.1 GET http://localhost/DesignSystemNETMySQL/UserControls/GeneXusUnanimo.AlertRender.js?2024121623105094 - - -
info: Microsoft.AspNetCore.StaticFiles.StaticFileMiddleware[2]
      Sending file. Request path: '/UserControls/GeneXusUnanimo.AlertRender.js'. Physical path: 'C:\PROYECTOS\KBs\Design System\NETMySQL002\web\UserControls\GeneXusUnanimo.AlertRender.js'
info: Microsoft.AspNetCore.Hosting.Diagnostics[2]
      Request finished HTTP/1.1 GET http://localhost/DesignSystemNETMySQL/UserControls/GeneXusUnanimo.AlertRender.js?2024121623105094 - 200 2786 text/javascript 1.3635ms
info: Microsoft.AspNetCore.Hosting.Diagnostics[1]
      Request starting HTTP/1.1 GET http://localhost/DesignSystemNETMySQL/gamexamplemessages.js?20241216141576 - - -
info: Microsoft.AspNetCore.StaticFiles.StaticFileMiddleware[2]
      Sending file. Request path: '/gamexamplemessages.js'. Physical path: 'C:\PROYECTOS\KBs\Design System\NETMySQL002\web\gamexamplemessages.js'
info: Microsoft.AspNetCore.Hosting.Diagnostics[2]
      Request finished HTTP/1.1 GET http://localhost/DesignSystemNETMySQL/gamexamplemessages.js?20241216141576 - 200 2921 text/javascript 1.3929ms
info: Microsoft.AspNetCore.Hosting.Diagnostics[1]
      Request starting HTTP/1.1 GET http://localhost/DesignSystemNETMySQL/perfil.js?2024121614334957 - - -
info: Microsoft.AspNetCore.StaticFiles.StaticFileMiddleware[2]
      Sending file. Request path: '/perfil.js'. Physical path: 'C:\PROYECTOS\KBs\Design System\NETMySQL002\web\perfil.js'
info: Microsoft.AspNetCore.Hosting.Diagnostics[2]
      Request finished HTTP/1.1 GET http://localhost/DesignSystemNETMySQL/perfil.js?2024121614334957 - 200 32372 text/javascript 1.7292ms
info: Microsoft.AspNetCore.Hosting.Diagnostics[1]
      Request starting HTTP/1.1 POST http://localhost/DesignSystemNETMySQL/perfil.aspx?c01d04b1610243d2a2af23e7952e8b18d54513e410f321ff3dcce22dbd1abde9,gx-no-cache=1734404060608 - application/json 249
info: Microsoft.AspNetCore.Hosting.Diagnostics[2]
      Request finished HTTP/1.1 POST http://localhost/DesignSystemNETMySQL/perfil.aspx?c01d04b1610243d2a2af23e7952e8b18d54513e410f321ff3dcce22dbd1abde9,gx-no-cache=1734404060608 - 200 - application/json 1942.6602ms
info: Microsoft.AspNetCore.Hosting.Diagnostics[1]
      Request starting HTTP/1.1 POST http://localhost/DesignSystemNETMySQL/perfil.aspx?c01d04b1610243d2a2af23e7952e8b18d54513e410f321ff3dcce22dbd1abde9,gx-no-cache=1734404079781 - application/json 239
info: Microsoft.AspNetCore.Hosting.Diagnostics[2]
      Request finished HTTP/1.1 POST http://localhost/DesignSystemNETMySQL/perfil.aspx?c01d04b1610243d2a2af23e7952e8b18d54513e410f321ff3dcce22dbd1abde9,gx-no-cache=1734404079781 - 200 - application/json 2315.6853ms
info: Microsoft.AspNetCore.Hosting.Diagnostics[1]
      Request starting HTTP/1.1 POST http://127.0.0.1:14987/DESIGNSYSTEMNETMYSQL/iisintegration - - 0
info: Microsoft.AspNetCore.Hosting.Diagnostics[2]
      Request finished HTTP/1.1 POST http://127.0.0.1:14987/DESIGNSYSTEMNETMYSQL/iisintegration - 202 0 - 0.3448ms
