warn: Microsoft.AspNetCore.DataProtection.Repositories.EphemeralXmlRepository[50]
      Using an in-memory repository. Keys will not be persisted to storage.
warn: Microsoft.AspNetCore.DataProtection.KeyManagement.XmlKeyManager[59]
      Neither user profile nor HKLM registry available. Using an ephemeral key repository. Protected data will be unavailable when application exits.
warn: Microsoft.AspNetCore.StaticFiles.StaticFileMiddleware[16]
      The WebRootPath was not found: C:\PROYECTOS\KBs\Design System\NETMySQL002\web\wwwroot. Static files may be unavailable.
info: Microsoft.AspNetCore.DataProtection.KeyManagement.XmlKeyManager[58]
      Creating key {eecae360-6169-46cf-9d60-9ac6e4c32c18} with creation date 2024-12-17 02:10:02Z, activation date 2024-12-17 02:10:02Z, and expiration date 2025-03-17 02:10:02Z.
warn: Microsoft.AspNetCore.DataProtection.KeyManagement.XmlKeyManager[35]
      No XML encryptor configured. Key {eecae360-6169-46cf-9d60-9ac6e4c32c18} may be persisted to storage in unencrypted form.
Hosting environment: Production
Content root path: C:\PROYECTOS\KBs\Design System\NETMySQL002\web
Now listening on: http://127.0.0.1:10212
Application started. Press Ctrl+C to shut down.
info: Microsoft.AspNetCore.Hosting.Diagnostics[1]
      Request starting HTTP/1.1 GET http://localhost/DesignSystemNETMySQL/home.aspx - - -
warn: Microsoft.AspNetCore.Session.SessionMiddleware[7]
      Error unprotecting the session cookie.
      System.Security.Cryptography.CryptographicException: The key {c067b814-b566-4c87-91aa-d45934e99070} was not found in the key ring. For more information go to https://aka.ms/aspnet/dataprotectionwarning
         at Microsoft.AspNetCore.DataProtection.KeyManagement.KeyRingBasedDataProtector.UnprotectCore(Byte[] protectedData, Boolean allowOperationsOnRevokedKeys, UnprotectStatus& status)
         at Microsoft.AspNetCore.DataProtection.KeyManagement.KeyRingBasedDataProtector.Unprotect(Byte[] protectedData)
         at Microsoft.AspNetCore.Session.CookieProtection.Unprotect(IDataProtector protector, String protectedText, ILogger logger)
info: Microsoft.AspNetCore.Session.DistributedSession[3]
      Session started; Key:a4510cf0-abdb-a8fb-e38d-457f9359595b, Id:43901cc4-e48a-cba8-3bcc-d1aa91e5fc12
info: Microsoft.AspNetCore.Hosting.Diagnostics[2]
      Request finished HTTP/1.1 GET http://localhost/DesignSystemNETMySQL/home.aspx - 200 - text/html 1594.3183ms
info: Microsoft.AspNetCore.Hosting.Diagnostics[1]
      Request starting HTTP/1.1 GET http://localhost/DesignSystemNETMySQL/bootstrap/css/bootstrap.min.css?202412162392592 - - -
info: Microsoft.AspNetCore.Hosting.Diagnostics[1]
      Request starting HTTP/1.1 GET http://localhost/DesignSystemNETMySQL/DVelop/Shared/daterangepicker/daterangepicker.css?202412162392592 - - -
info: Microsoft.AspNetCore.Hosting.Diagnostics[1]
      Request starting HTTP/1.1 GET http://localhost/DesignSystemNETMySQL/DVelop/DVMessage/DVMessage.css?202412162392592 - - -
info: Microsoft.AspNetCore.Hosting.Diagnostics[1]
      Request starting HTTP/1.1 GET http://localhost/DesignSystemNETMySQL/DVelop/DVHorizontalMenu/DVHorizontalMenu.css?202412162392592 - - -
info: Microsoft.AspNetCore.Hosting.Diagnostics[1]
      Request starting HTTP/1.1 GET http://localhost/DesignSystemNETMySQL/DVelop/Bootstrap/Shared/fontawesome_vlatest/css/all.min.css?202412162392592 - - -
info: Microsoft.AspNetCore.Hosting.Diagnostics[1]
      Request starting HTTP/1.1 GET http://localhost/DesignSystemNETMySQL/DVelop/Bootstrap/Shared/DVelopBootstrap.css?202412162392592 - - -
info: Microsoft.AspNetCore.StaticFiles.StaticFileMiddleware[2]
      Sending file. Request path: '/DVelop/Bootstrap/Shared/DVelopBootstrap.css'. Physical path: 'C:\PROYECTOS\KBs\Design System\NETMySQL002\web\DVelop\Bootstrap\Shared\DVelopBootstrap.css'
info: Microsoft.AspNetCore.StaticFiles.StaticFileMiddleware[2]
      Sending file. Request path: '/DVelop/DVMessage/DVMessage.css'. Physical path: 'C:\PROYECTOS\KBs\Design System\NETMySQL002\web\DVelop\DVMessage\DVMessage.css'
info: Microsoft.AspNetCore.StaticFiles.StaticFileMiddleware[2]
      Sending file. Request path: '/DVelop/DVHorizontalMenu/DVHorizontalMenu.css'. Physical path: 'C:\PROYECTOS\KBs\Design System\NETMySQL002\web\DVelop\DVHorizontalMenu\DVHorizontalMenu.css'
info: Microsoft.AspNetCore.StaticFiles.StaticFileMiddleware[2]
      Sending file. Request path: '/DVelop/Bootstrap/Shared/fontawesome_vlatest/css/all.min.css'. Physical path: 'C:\PROYECTOS\KBs\Design System\NETMySQL002\web\DVelop\Bootstrap\Shared\fontawesome_vlatest\css\all.min.css'
info: Microsoft.AspNetCore.StaticFiles.StaticFileMiddleware[2]
      Sending file. Request path: '/DVelop/Shared/daterangepicker/daterangepicker.css'. Physical path: 'C:\PROYECTOS\KBs\Design System\NETMySQL002\web\DVelop\Shared\daterangepicker\daterangepicker.css'
info: Microsoft.AspNetCore.Hosting.Diagnostics[2]
      Request finished HTTP/1.1 GET http://localhost/DesignSystemNETMySQL/DVelop/Bootstrap/Shared/fontawesome_vlatest/css/all.min.css?202412162392592 - 200 - text/css 25.5702ms
info: Microsoft.AspNetCore.Hosting.Diagnostics[2]
      Request finished HTTP/1.1 GET http://localhost/DesignSystemNETMySQL/DVelop/Bootstrap/Shared/DVelopBootstrap.css?202412162392592 - 200 - text/css 9.9044ms
info: Microsoft.AspNetCore.Hosting.Diagnostics[2]
      Request finished HTTP/1.1 GET http://localhost/DesignSystemNETMySQL/DVelop/Shared/daterangepicker/daterangepicker.css?202412162392592 - 200 - text/css 26.7320ms
info: Microsoft.AspNetCore.Hosting.Diagnostics[2]
      Request finished HTTP/1.1 GET http://localhost/DesignSystemNETMySQL/DVelop/DVHorizontalMenu/DVHorizontalMenu.css?202412162392592 - 200 - text/css 25.7835ms
info: Microsoft.AspNetCore.Hosting.Diagnostics[2]
      Request finished HTTP/1.1 GET http://localhost/DesignSystemNETMySQL/DVelop/DVMessage/DVMessage.css?202412162392592 - 200 - text/css 26.9541ms
info: Microsoft.AspNetCore.StaticFiles.StaticFileMiddleware[2]
      Sending file. Request path: '/bootstrap/css/bootstrap.min.css'. Physical path: 'C:\PROYECTOS\KBs\Design System\NETMySQL002\web\bootstrap\css\bootstrap.min.css'
info: Microsoft.AspNetCore.Hosting.Diagnostics[2]
      Request finished HTTP/1.1 GET http://localhost/DesignSystemNETMySQL/bootstrap/css/bootstrap.min.css?202412162392592 - 200 - text/css 42.1040ms
info: Microsoft.AspNetCore.Hosting.Diagnostics[1]
      Request starting HTTP/1.1 GET http://localhost/DesignSystemNETMySQL/calendar-system.css?202412162392592 - - -
info: Microsoft.AspNetCore.Hosting.Diagnostics[1]
      Request starting HTTP/1.1 GET http://localhost/DesignSystemNETMySQL/Resources/Spanish/WorkWithPlusDS.css?202412162392592 - - -
info: Microsoft.AspNetCore.Hosting.Diagnostics[1]
      Request starting HTTP/1.1 GET http://localhost/DesignSystemNETMySQL/bootstrap/js/bootstrap.min.js?202412162392592 - - -
info: Microsoft.AspNetCore.StaticFiles.StaticFileMiddleware[2]
      Sending file. Request path: '/Spanish/WorkWithPlusDS.css'. Physical path: 'C:\PROYECTOS\KBs\Design System\NETMySQL002\web\Resources\Spanish\WorkWithPlusDS.css'
info: Microsoft.AspNetCore.Hosting.Diagnostics[2]
      Request finished HTTP/1.1 GET http://localhost/DesignSystemNETMySQL/Resources/Spanish/WorkWithPlusDS.css?202412162392592 - 200 - text/css 1.8899ms
info: Microsoft.AspNetCore.StaticFiles.StaticFileMiddleware[2]
      Sending file. Request path: '/calendar-system.css'. Physical path: 'C:\PROYECTOS\KBs\Design System\NETMySQL002\web\calendar-system.css'
info: Microsoft.AspNetCore.Hosting.Diagnostics[2]
      Request finished HTTP/1.1 GET http://localhost/DesignSystemNETMySQL/calendar-system.css?202412162392592 - 200 - text/css 4.1745ms
info: Microsoft.AspNetCore.StaticFiles.StaticFileMiddleware[2]
      Sending file. Request path: '/bootstrap/js/bootstrap.min.js'. Physical path: 'C:\PROYECTOS\KBs\Design System\NETMySQL002\web\bootstrap\js\bootstrap.min.js'
info: Microsoft.AspNetCore.Hosting.Diagnostics[2]
      Request finished HTTP/1.1 GET http://localhost/DesignSystemNETMySQL/bootstrap/js/bootstrap.min.js?202412162392592 - 200 39680 text/javascript 3.7129ms
info: Microsoft.AspNetCore.Hosting.Diagnostics[1]
      Request starting HTTP/1.1 GET http://localhost/DesignSystemNETMySQL/gxgral.js?1318140 - - -
info: Microsoft.AspNetCore.Hosting.Diagnostics[1]
      Request starting HTTP/1.1 GET http://localhost/DesignSystemNETMySQL/gxcfg.js?202412162392592 - - -
info: Microsoft.AspNetCore.StaticFiles.StaticFileMiddleware[2]
      Sending file. Request path: '/gxcfg.js'. Physical path: 'C:\PROYECTOS\KBs\Design System\NETMySQL002\web\gxcfg.js'
info: Microsoft.AspNetCore.Hosting.Diagnostics[2]
      Request finished HTTP/1.1 GET http://localhost/DesignSystemNETMySQL/gxcfg.js?202412162392592 - 200 667 text/javascript 2.2250ms
info: Microsoft.AspNetCore.Hosting.Diagnostics[1]
      Request starting HTTP/1.1 GET http://localhost/DesignSystemNETMySQL/Resources/Spanish/WWPBaseObjects.WorkWithPlusBaseDS.css - - -
info: Microsoft.AspNetCore.Hosting.Diagnostics[1]
      Request starting HTTP/1.1 GET http://localhost/DesignSystemNETMySQL/Resources/Spanish/WorkWithPlusDS_Tokens.css - - -
info: Microsoft.AspNetCore.StaticFiles.StaticFileMiddleware[2]
      Sending file. Request path: '/Spanish/WorkWithPlusDS_Tokens.css'. Physical path: 'C:\PROYECTOS\KBs\Design System\NETMySQL002\web\Resources\Spanish\WorkWithPlusDS_Tokens.css'
info: Microsoft.AspNetCore.Hosting.Diagnostics[2]
      Request finished HTTP/1.1 GET http://localhost/DesignSystemNETMySQL/Resources/Spanish/WorkWithPlusDS_Tokens.css - 200 - text/css 1.5644ms
info: Microsoft.AspNetCore.Hosting.Diagnostics[1]
      Request starting HTTP/1.1 GET http://localhost/DesignSystemNETMySQL/messages.spa.js?202412162392592 - - -
info: Microsoft.AspNetCore.Hosting.Diagnostics[1]
      Request starting HTTP/1.1 GET http://localhost/DesignSystemNETMySQL/home.js?202412161411040 - - -
info: Microsoft.AspNetCore.StaticFiles.StaticFileMiddleware[2]
      Sending file. Request path: '/home.js'. Physical path: 'C:\PROYECTOS\KBs\Design System\NETMySQL002\web\home.js'
info: Microsoft.AspNetCore.Hosting.Diagnostics[2]
      Request finished HTTP/1.1 GET http://localhost/DesignSystemNETMySQL/home.js?202412161411040 - 200 13695 text/javascript 3.2170ms
info: Microsoft.AspNetCore.StaticFiles.StaticFileMiddleware[2]
      Sending file. Request path: '/Spanish/WWPBaseObjects.WorkWithPlusBaseDS.css'. Physical path: 'C:\PROYECTOS\KBs\Design System\NETMySQL002\web\Resources\Spanish\WWPBaseObjects.WorkWithPlusBaseDS.css'
info: Microsoft.AspNetCore.StaticFiles.StaticFileMiddleware[2]
      Sending file. Request path: '/messages.spa.js'. Physical path: 'C:\PROYECTOS\KBs\Design System\NETMySQL002\web\messages.spa.js'
info: Microsoft.AspNetCore.Hosting.Diagnostics[2]
      Request finished HTTP/1.1 GET http://localhost/DesignSystemNETMySQL/messages.spa.js?202412162392592 - 200 194481 text/javascript 14.0847ms
info: Microsoft.AspNetCore.Hosting.Diagnostics[2]
      Request finished HTTP/1.1 GET http://localhost/DesignSystemNETMySQL/Resources/Spanish/WWPBaseObjects.WorkWithPlusBaseDS.css - 200 - text/css 16.7942ms
info: Microsoft.AspNetCore.Hosting.Diagnostics[1]
      Request starting HTTP/1.1 GET http://localhost/DesignSystemNETMySQL/calendar.js?1318140 - - -
info: Microsoft.AspNetCore.StaticFiles.StaticFileMiddleware[2]
      Sending file. Request path: '/calendar.js'. Physical path: 'C:\PROYECTOS\KBs\Design System\NETMySQL002\web\calendar.js'
info: Microsoft.AspNetCore.Hosting.Diagnostics[2]
      Request finished HTTP/1.1 GET http://localhost/DesignSystemNETMySQL/calendar.js?1318140 - 200 26338 text/javascript 3.3448ms
info: Microsoft.AspNetCore.Hosting.Diagnostics[1]
      Request starting HTTP/1.1 GET http://localhost/DesignSystemNETMySQL/calendar-setup.js?1318140 - - -
info: Microsoft.AspNetCore.StaticFiles.StaticFileMiddleware[2]
      Sending file. Request path: '/calendar-setup.js'. Physical path: 'C:\PROYECTOS\KBs\Design System\NETMySQL002\web\calendar-setup.js'
info: Microsoft.AspNetCore.Hosting.Diagnostics[2]
      Request finished HTTP/1.1 GET http://localhost/DesignSystemNETMySQL/calendar-setup.js?1318140 - 200 3066 text/javascript 3.6347ms
info: Microsoft.AspNetCore.Hosting.Diagnostics[1]
      Request starting HTTP/1.1 GET http://localhost/DesignSystemNETMySQL/Resources/Spanish/AnyStyles.ImagesTokens.css - - -
info: Microsoft.AspNetCore.Hosting.Diagnostics[1]
      Request starting HTTP/1.1 GET http://localhost/DesignSystemNETMySQL/Resources/Spanish/WWPBaseObjects.WorkWithPlusBaseDS_Tokens.css - - -
info: Microsoft.AspNetCore.StaticFiles.StaticFileMiddleware[2]
      Sending file. Request path: '/Spanish/WWPBaseObjects.WorkWithPlusBaseDS_Tokens.css'. Physical path: 'C:\PROYECTOS\KBs\Design System\NETMySQL002\web\Resources\Spanish\WWPBaseObjects.WorkWithPlusBaseDS_Tokens.css'
info: Microsoft.AspNetCore.StaticFiles.StaticFileMiddleware[2]
      Sending file. Request path: '/Spanish/AnyStyles.ImagesTokens.css'. Physical path: 'C:\PROYECTOS\KBs\Design System\NETMySQL002\web\Resources\Spanish\AnyStyles.ImagesTokens.css'
info: Microsoft.AspNetCore.Hosting.Diagnostics[2]
      Request finished HTTP/1.1 GET http://localhost/DesignSystemNETMySQL/Resources/Spanish/WWPBaseObjects.WorkWithPlusBaseDS_Tokens.css - 200 - text/css 2.5423ms
info: Microsoft.AspNetCore.Hosting.Diagnostics[2]
      Request finished HTTP/1.1 GET http://localhost/DesignSystemNETMySQL/Resources/Spanish/AnyStyles.ImagesTokens.css - 200 - text/css 2.7468ms
info: Microsoft.AspNetCore.StaticFiles.StaticFileMiddleware[2]
      Sending file. Request path: '/gxgral.js'. Physical path: 'C:\PROYECTOS\KBs\Design System\NETMySQL002\web\gxgral.js'
info: Microsoft.AspNetCore.Hosting.Diagnostics[2]
      Request finished HTTP/1.1 GET http://localhost/DesignSystemNETMySQL/gxgral.js?1318140 - 200 661977 text/javascript 102.9542ms
info: Microsoft.AspNetCore.Hosting.Diagnostics[1]
      Request starting HTTP/1.1 GET http://localhost/DesignSystemNETMySQL/calendar-es.js?1318140 - - -
info: Microsoft.AspNetCore.Hosting.Diagnostics[1]
      Request starting HTTP/1.1 GET http://localhost/DesignSystemNETMySQL/DVelop/Bootstrap/Shared/slimmenu/jquery.slimmenu.min.js?202412162392592 - - -
info: Microsoft.AspNetCore.StaticFiles.StaticFileMiddleware[2]
      Sending file. Request path: '/calendar-es.js'. Physical path: 'C:\PROYECTOS\KBs\Design System\NETMySQL002\web\calendar-es.js'
info: Microsoft.AspNetCore.Hosting.Diagnostics[2]
      Request finished HTTP/1.1 GET http://localhost/DesignSystemNETMySQL/calendar-es.js?1318140 - 200 2004 text/javascript 1.8577ms
info: Microsoft.AspNetCore.StaticFiles.StaticFileMiddleware[2]
      Sending file. Request path: '/DVelop/Bootstrap/Shared/slimmenu/jquery.slimmenu.min.js'. Physical path: 'C:\PROYECTOS\KBs\Design System\NETMySQL002\web\DVelop\Bootstrap\Shared\slimmenu\jquery.slimmenu.min.js'
info: Microsoft.AspNetCore.Hosting.Diagnostics[2]
      Request finished HTTP/1.1 GET http://localhost/DesignSystemNETMySQL/DVelop/Bootstrap/Shared/slimmenu/jquery.slimmenu.min.js?202412162392592 - 200 3442 text/javascript 1.3405ms
info: Microsoft.AspNetCore.Hosting.Diagnostics[1]
      Request starting HTTP/1.1 GET http://localhost/DesignSystemNETMySQL/DVelop/Bootstrap/Shared/DVelopBootstrap.js?202412162392592 - - -
info: Microsoft.AspNetCore.Hosting.Diagnostics[1]
      Request starting HTTP/1.1 GET http://localhost/DesignSystemNETMySQL/DVelop/Shared/WorkWithPlusCommon.js?202412162392592 - - -
info: Microsoft.AspNetCore.StaticFiles.StaticFileMiddleware[2]
      Sending file. Request path: '/DVelop/Shared/WorkWithPlusCommon.js'. Physical path: 'C:\PROYECTOS\KBs\Design System\NETMySQL002\web\DVelop\Shared\WorkWithPlusCommon.js'
info: Microsoft.AspNetCore.Hosting.Diagnostics[2]
      Request finished HTTP/1.1 GET http://localhost/DesignSystemNETMySQL/DVelop/Shared/WorkWithPlusCommon.js?202412162392592 - 200 38383 text/javascript 1.5290ms
info: Microsoft.AspNetCore.StaticFiles.StaticFileMiddleware[2]
      Sending file. Request path: '/DVelop/Bootstrap/Shared/DVelopBootstrap.js'. Physical path: 'C:\PROYECTOS\KBs\Design System\NETMySQL002\web\DVelop\Bootstrap\Shared\DVelopBootstrap.js'
info: Microsoft.AspNetCore.Hosting.Diagnostics[2]
      Request finished HTTP/1.1 GET http://localhost/DesignSystemNETMySQL/DVelop/Bootstrap/Shared/DVelopBootstrap.js?202412162392592 - 200 162722 text/javascript 3.2130ms
info: Microsoft.AspNetCore.Hosting.Diagnostics[1]
      Request starting HTTP/1.1 GET http://localhost/DesignSystemNETMySQL/DVelop/DVHorizontalMenu/DVHorizontalMenuRender.js?202412162392592 - - -
info: Microsoft.AspNetCore.Hosting.Diagnostics[1]
      Request starting HTTP/1.1 GET http://localhost/DesignSystemNETMySQL/DVelop/Bootstrap/DropDownOptions/BootstrapDropDownOptionsRender.js?202412162392592 - - -
info: Microsoft.AspNetCore.StaticFiles.StaticFileMiddleware[2]
      Sending file. Request path: '/DVelop/DVHorizontalMenu/DVHorizontalMenuRender.js'. Physical path: 'C:\PROYECTOS\KBs\Design System\NETMySQL002\web\DVelop\DVHorizontalMenu\DVHorizontalMenuRender.js'
info: Microsoft.AspNetCore.StaticFiles.StaticFileMiddleware[2]
      Sending file. Request path: '/DVelop/Bootstrap/DropDownOptions/BootstrapDropDownOptionsRender.js'. Physical path: 'C:\PROYECTOS\KBs\Design System\NETMySQL002\web\DVelop\Bootstrap\DropDownOptions\BootstrapDropDownOptionsRender.js'
info: Microsoft.AspNetCore.Hosting.Diagnostics[2]
      Request finished HTTP/1.1 GET http://localhost/DesignSystemNETMySQL/DVelop/DVHorizontalMenu/DVHorizontalMenuRender.js?202412162392592 - 200 11357 text/javascript 3.4051ms
info: Microsoft.AspNetCore.Hosting.Diagnostics[2]
      Request finished HTTP/1.1 GET http://localhost/DesignSystemNETMySQL/DVelop/Bootstrap/DropDownOptions/BootstrapDropDownOptionsRender.js?202412162392592 - 200 29342 text/javascript 2.0564ms
info: Microsoft.AspNetCore.Hosting.Diagnostics[1]
      Request starting HTTP/1.1 GET http://localhost/DesignSystemNETMySQL/DVelop/DVMessage/pnotify.custom.js?202412162392592 - - -
info: Microsoft.AspNetCore.Hosting.Diagnostics[1]
      Request starting HTTP/1.1 GET http://localhost/DesignSystemNETMySQL/DVelop/DVMessage/DVMessageRender.js?202412162392592 - - -
info: Microsoft.AspNetCore.StaticFiles.StaticFileMiddleware[2]
      Sending file. Request path: '/DVelop/DVMessage/DVMessageRender.js'. Physical path: 'C:\PROYECTOS\KBs\Design System\NETMySQL002\web\DVelop\DVMessage\DVMessageRender.js'
info: Microsoft.AspNetCore.Hosting.Diagnostics[2]
      Request finished HTTP/1.1 GET http://localhost/DesignSystemNETMySQL/DVelop/DVMessage/DVMessageRender.js?202412162392592 - 200 14492 text/javascript 1.8693ms
info: Microsoft.AspNetCore.StaticFiles.StaticFileMiddleware[2]
      Sending file. Request path: '/DVelop/DVMessage/pnotify.custom.js'. Physical path: 'C:\PROYECTOS\KBs\Design System\NETMySQL002\web\DVelop\DVMessage\pnotify.custom.js'
info: Microsoft.AspNetCore.Hosting.Diagnostics[2]
      Request finished HTTP/1.1 GET http://localhost/DesignSystemNETMySQL/DVelop/DVMessage/pnotify.custom.js?202412162392592 - 200 80823 text/javascript 4.9678ms
info: Microsoft.AspNetCore.Hosting.Diagnostics[1]
      Request starting HTTP/1.1 GET http://localhost/DesignSystemNETMySQL/DVelop/Bootstrap/Tooltip/BootstrapTooltipRender.js?202412162392592 - - -
info: Microsoft.AspNetCore.StaticFiles.StaticFileMiddleware[2]
      Sending file. Request path: '/DVelop/Bootstrap/Tooltip/BootstrapTooltipRender.js'. Physical path: 'C:\PROYECTOS\KBs\Design System\NETMySQL002\web\DVelop\Bootstrap\Tooltip\BootstrapTooltipRender.js'
info: Microsoft.AspNetCore.Hosting.Diagnostics[2]
      Request finished HTTP/1.1 GET http://localhost/DesignSystemNETMySQL/DVelop/Bootstrap/Tooltip/BootstrapTooltipRender.js?202412162392592 - 200 5930 text/javascript 1.3817ms
info: Microsoft.AspNetCore.Hosting.Diagnostics[1]
      Request starting HTTP/1.1 GET http://localhost/DesignSystemNETMySQL/DVelop/Mask/jquery.mask.js?202412162392592 - - -
info: Microsoft.AspNetCore.Hosting.Diagnostics[1]
      Request starting HTTP/1.1 GET http://localhost/DesignSystemNETMySQL/DVelop/WorkWithPlusUtilities/BootstrapSelect.js?202412162392592 - - -
info: Microsoft.AspNetCore.StaticFiles.StaticFileMiddleware[2]
      Sending file. Request path: '/DVelop/Mask/jquery.mask.js'. Physical path: 'C:\PROYECTOS\KBs\Design System\NETMySQL002\web\DVelop\Mask\jquery.mask.js'
info: Microsoft.AspNetCore.Hosting.Diagnostics[2]
      Request finished HTTP/1.1 GET http://localhost/DesignSystemNETMySQL/DVelop/Mask/jquery.mask.js?202412162392592 - 200 23979 text/javascript 1.3027ms
info: Microsoft.AspNetCore.StaticFiles.StaticFileMiddleware[2]
      Sending file. Request path: '/DVelop/WorkWithPlusUtilities/BootstrapSelect.js'. Physical path: 'C:\PROYECTOS\KBs\Design System\NETMySQL002\web\DVelop\WorkWithPlusUtilities\BootstrapSelect.js'
info: Microsoft.AspNetCore.Hosting.Diagnostics[1]
      Request starting HTTP/1.1 GET http://localhost/DesignSystemNETMySQL/DVelop/WorkWithPlusUtilities/WorkWithPlusUtilitiesRender.js?202412162392592 - - -
info: Microsoft.AspNetCore.Hosting.Diagnostics[2]
      Request finished HTTP/1.1 GET http://localhost/DesignSystemNETMySQL/DVelop/WorkWithPlusUtilities/BootstrapSelect.js?202412162392592 - 200 52902 text/javascript 1.4902ms
info: Microsoft.AspNetCore.StaticFiles.StaticFileMiddleware[2]
      Sending file. Request path: '/DVelop/WorkWithPlusUtilities/WorkWithPlusUtilitiesRender.js'. Physical path: 'C:\PROYECTOS\KBs\Design System\NETMySQL002\web\DVelop\WorkWithPlusUtilities\WorkWithPlusUtilitiesRender.js'
info: Microsoft.AspNetCore.Hosting.Diagnostics[2]
      Request finished HTTP/1.1 GET http://localhost/DesignSystemNETMySQL/DVelop/WorkWithPlusUtilities/WorkWithPlusUtilitiesRender.js?202412162392592 - 200 47662 text/javascript 9.3736ms
info: Microsoft.AspNetCore.Hosting.Diagnostics[1]
      Request starting HTTP/1.1 GET http://localhost/DesignSystemNETMySQL/DVelop/Shared/daterangepicker/locales.js?202412162392592 - - -
info: Microsoft.AspNetCore.StaticFiles.StaticFileMiddleware[2]
      Sending file. Request path: '/DVelop/Shared/daterangepicker/locales.js'. Physical path: 'C:\PROYECTOS\KBs\Design System\NETMySQL002\web\DVelop\Shared\daterangepicker\locales.js'
info: Microsoft.AspNetCore.Hosting.Diagnostics[2]
      Request finished HTTP/1.1 GET http://localhost/DesignSystemNETMySQL/DVelop/Shared/daterangepicker/locales.js?202412162392592 - 200 6282 text/javascript 3.4554ms
info: Microsoft.AspNetCore.Hosting.Diagnostics[1]
      Request starting HTTP/1.1 GET http://localhost/DesignSystemNETMySQL/DVelop/Shared/daterangepicker/wwp-daterangepicker.js?202412162392592 - - -
info: Microsoft.AspNetCore.StaticFiles.StaticFileMiddleware[2]
      Sending file. Request path: '/DVelop/Shared/daterangepicker/wwp-daterangepicker.js'. Physical path: 'C:\PROYECTOS\KBs\Design System\NETMySQL002\web\DVelop\Shared\daterangepicker\wwp-daterangepicker.js'
info: Microsoft.AspNetCore.Hosting.Diagnostics[2]
      Request finished HTTP/1.1 GET http://localhost/DesignSystemNETMySQL/DVelop/Shared/daterangepicker/wwp-daterangepicker.js?202412162392592 - 200 10821 text/javascript 4.2238ms
info: Microsoft.AspNetCore.Hosting.Diagnostics[1]
      Request starting HTTP/1.1 GET http://localhost/DesignSystemNETMySQL/DVelop/Shared/daterangepicker/moment.min.js?202412162392592 - - -
info: Microsoft.AspNetCore.StaticFiles.StaticFileMiddleware[2]
      Sending file. Request path: '/DVelop/Shared/daterangepicker/moment.min.js'. Physical path: 'C:\PROYECTOS\KBs\Design System\NETMySQL002\web\DVelop\Shared\daterangepicker\moment.min.js'
info: Microsoft.AspNetCore.Hosting.Diagnostics[2]
      Request finished HTTP/1.1 GET http://localhost/DesignSystemNETMySQL/DVelop/Shared/daterangepicker/moment.min.js?202412162392592 - 200 59101 text/javascript 2.3443ms
info: Microsoft.AspNetCore.Hosting.Diagnostics[1]
      Request starting HTTP/1.1 GET http://localhost/DesignSystemNETMySQL/DVelop/Shared/daterangepicker/daterangepicker.min.js?202412162392592 - - -
info: Microsoft.AspNetCore.Hosting.Diagnostics[1]
      Request starting HTTP/1.1 GET http://localhost/DesignSystemNETMySQL/DVelop/DatePicker/DatePickerRender.js?202412162392592 - - -
info: Microsoft.AspNetCore.StaticFiles.StaticFileMiddleware[2]
      Sending file. Request path: '/DVelop/DatePicker/DatePickerRender.js'. Physical path: 'C:\PROYECTOS\KBs\Design System\NETMySQL002\web\DVelop\DatePicker\DatePickerRender.js'
info: Microsoft.AspNetCore.Hosting.Diagnostics[2]
      Request finished HTTP/1.1 GET http://localhost/DesignSystemNETMySQL/DVelop/DatePicker/DatePickerRender.js?202412162392592 - 200 3134 text/javascript 1.6214ms
info: Microsoft.AspNetCore.StaticFiles.StaticFileMiddleware[2]
      Sending file. Request path: '/DVelop/Shared/daterangepicker/daterangepicker.min.js'. Physical path: 'C:\PROYECTOS\KBs\Design System\NETMySQL002\web\DVelop\Shared\daterangepicker\daterangepicker.min.js'
info: Microsoft.AspNetCore.Hosting.Diagnostics[2]
      Request finished HTTP/1.1 GET http://localhost/DesignSystemNETMySQL/DVelop/Shared/daterangepicker/daterangepicker.min.js?202412162392592 - 200 62418 text/javascript 1.9900ms
info: Microsoft.AspNetCore.Hosting.Diagnostics[1]
      Request starting HTTP/1.1 GET http://localhost/DesignSystemNETMySQL/DVelop/Popover/WWPPopoverRender.js?202412162392592 - - -
info: Microsoft.AspNetCore.StaticFiles.StaticFileMiddleware[2]
      Sending file. Request path: '/DVelop/Popover/WWPPopoverRender.js'. Physical path: 'C:\PROYECTOS\KBs\Design System\NETMySQL002\web\DVelop\Popover\WWPPopoverRender.js'
info: Microsoft.AspNetCore.Hosting.Diagnostics[1]
      Request starting HTTP/1.1 GET http://localhost/DesignSystemNETMySQL/wwpbaseobjects/workwithplusmasterpage.js?2024121614295917 - - -
info: Microsoft.AspNetCore.Hosting.Diagnostics[2]
      Request finished HTTP/1.1 GET http://localhost/DesignSystemNETMySQL/DVelop/Popover/WWPPopoverRender.js?202412162392592 - 200 16392 text/javascript 7.6230ms
info: Microsoft.AspNetCore.StaticFiles.StaticFileMiddleware[2]
      Sending file. Request path: '/wwpbaseobjects/workwithplusmasterpage.js'. Physical path: 'C:\PROYECTOS\KBs\Design System\NETMySQL002\web\wwpbaseobjects\workwithplusmasterpage.js'
info: Microsoft.AspNetCore.Hosting.Diagnostics[2]
      Request finished HTTP/1.1 GET http://localhost/DesignSystemNETMySQL/wwpbaseobjects/workwithplusmasterpage.js?2024121614295917 - 200 26628 text/javascript 5.0995ms
info: Microsoft.AspNetCore.Hosting.Diagnostics[1]
      Request starting HTTP/1.1 POST http://localhost/DesignSystemNETMySQL/home.aspx?c01d04b1610243d2a2af23e7952e8b183b5f96075b34b524a535b5c3557b2483,gx-no-cache=1734401405361 - application/json 2497
info: Microsoft.AspNetCore.Hosting.Diagnostics[2]
      Request finished HTTP/1.1 POST http://localhost/DesignSystemNETMySQL/home.aspx?c01d04b1610243d2a2af23e7952e8b183b5f96075b34b524a535b5c3557b2483,gx-no-cache=1734401405361 - 200 - application/json 103.6852ms
info: Microsoft.AspNetCore.Hosting.Diagnostics[1]
      Request starting HTTP/1.1 POST http://localhost/DesignSystemNETMySQL/home.aspx?c01d04b1610243d2a2af23e7952e8b183b5f96075b34b524a535b5c3557b2483,gx-no-cache=1734401406797 - application/json 239
info: Microsoft.AspNetCore.Hosting.Diagnostics[2]
      Request finished HTTP/1.1 POST http://localhost/DesignSystemNETMySQL/home.aspx?c01d04b1610243d2a2af23e7952e8b183b5f96075b34b524a535b5c3557b2483,gx-no-cache=1734401406797 - 200 - application/json 109.9628ms
info: Microsoft.AspNetCore.Hosting.Diagnostics[1]
      Request starting HTTP/1.1 GET http://localhost/DesignSystemNETMySQL/UserControls/WWP_IconButtonRender.js?202412162392592 - - -
info: Microsoft.AspNetCore.StaticFiles.StaticFileMiddleware[2]
      Sending file. Request path: '/UserControls/WWP_IconButtonRender.js'. Physical path: 'C:\PROYECTOS\KBs\Design System\NETMySQL002\web\UserControls\WWP_IconButtonRender.js'
info: Microsoft.AspNetCore.Hosting.Diagnostics[2]
      Request finished HTTP/1.1 GET http://localhost/DesignSystemNETMySQL/UserControls/WWP_IconButtonRender.js?202412162392592 - 200 1728 text/javascript 1.4628ms
info: Microsoft.AspNetCore.Hosting.Diagnostics[1]
      Request starting HTTP/1.1 GET http://localhost/DesignSystemNETMySQL/wwpbaseobjects/wwp_masterpagetopactionswc.js?202412161413467 - - -
info: Microsoft.AspNetCore.StaticFiles.StaticFileMiddleware[2]
      Sending file. Request path: '/wwpbaseobjects/wwp_masterpagetopactionswc.js'. Physical path: 'C:\PROYECTOS\KBs\Design System\NETMySQL002\web\wwpbaseobjects\wwp_masterpagetopactionswc.js'
info: Microsoft.AspNetCore.Hosting.Diagnostics[2]
      Request finished HTTP/1.1 GET http://localhost/DesignSystemNETMySQL/wwpbaseobjects/wwp_masterpagetopactionswc.js?202412161413467 - 200 8217 text/javascript 0.8743ms
info: Microsoft.AspNetCore.Hosting.Diagnostics[1]
      Request starting HTTP/1.1 POST http://localhost/DesignSystemNETMySQL/home.aspx?c01d04b1610243d2a2af23e7952e8b183b5f96075b34b524a535b5c3557b2483,gx-no-cache=1734401408349 - application/json 177
info: Microsoft.AspNetCore.Hosting.Diagnostics[2]
      Request finished HTTP/1.1 POST http://localhost/DesignSystemNETMySQL/home.aspx?c01d04b1610243d2a2af23e7952e8b183b5f96075b34b524a535b5c3557b2483,gx-no-cache=1734401408349 - 200 - application/json 3.7759ms
info: Microsoft.AspNetCore.Hosting.Diagnostics[1]
      Request starting HTTP/1.1 GET http://localhost/DesignSystemNETMySQL/dslogin.aspx - - -
info: Microsoft.AspNetCore.Hosting.Diagnostics[2]
      Request finished HTTP/1.1 GET http://localhost/DesignSystemNETMySQL/dslogin.aspx - 200 - text/html 94.6754ms
info: Microsoft.AspNetCore.Hosting.Diagnostics[1]
      Request starting HTTP/1.1 GET http://localhost/DesignSystemNETMySQL/Resources/Logo_Small.png - - -
info: Microsoft.AspNetCore.StaticFiles.StaticFileMiddleware[2]
      Sending file. Request path: '/Logo_Small.png'. Physical path: 'C:\PROYECTOS\KBs\Design System\NETMySQL002\web\Resources\Logo_Small.png'
info: Microsoft.AspNetCore.Hosting.Diagnostics[2]
      Request finished HTTP/1.1 GET http://localhost/DesignSystemNETMySQL/Resources/Logo_Small.png - 200 8079 image/png 1.3625ms
info: Microsoft.AspNetCore.Hosting.Diagnostics[1]
      Request starting HTTP/1.1 GET http://localhost/DesignSystemNETMySQL/DVelop/Bootstrap/Shared/fontawesome_vlatest/webfonts/fa-regular-400.woff2 - - -
info: Microsoft.AspNetCore.StaticFiles.StaticFileMiddleware[2]
      Sending file. Request path: '/DVelop/Bootstrap/Shared/fontawesome_vlatest/webfonts/fa-regular-400.woff2'. Physical path: 'C:\PROYECTOS\KBs\Design System\NETMySQL002\web\DVelop\Bootstrap\Shared\fontawesome_vlatest\webfonts\fa-regular-400.woff2'
info: Microsoft.AspNetCore.Hosting.Diagnostics[2]
      Request finished HTTP/1.1 GET http://localhost/DesignSystemNETMySQL/DVelop/Bootstrap/Shared/fontawesome_vlatest/webfonts/fa-regular-400.woff2 - 200 23940 font/woff2 2.5758ms
info: Microsoft.AspNetCore.Hosting.Diagnostics[1]
      Request starting HTTP/1.1 GET http://localhost/DesignSystemNETMySQL/dslogin.js?202412161494576 - - -
info: Microsoft.AspNetCore.StaticFiles.StaticFileMiddleware[2]
      Sending file. Request path: '/dslogin.js'. Physical path: 'C:\PROYECTOS\KBs\Design System\NETMySQL002\web\dslogin.js'
info: Microsoft.AspNetCore.Hosting.Diagnostics[2]
      Request finished HTTP/1.1 GET http://localhost/DesignSystemNETMySQL/dslogin.js?202412161494576 - 200 23503 text/javascript 4.7395ms
info: Microsoft.AspNetCore.Hosting.Diagnostics[1]
      Request starting HTTP/1.1 GET http://localhost/DesignSystemNETMySQL/wwpbaseobjects/workwithplusmasterpageempty.js?202412161411125 - - -
info: Microsoft.AspNetCore.StaticFiles.StaticFileMiddleware[2]
      Sending file. Request path: '/wwpbaseobjects/workwithplusmasterpageempty.js'. Physical path: 'C:\PROYECTOS\KBs\Design System\NETMySQL002\web\wwpbaseobjects\workwithplusmasterpageempty.js'
info: Microsoft.AspNetCore.Hosting.Diagnostics[2]
      Request finished HTTP/1.1 GET http://localhost/DesignSystemNETMySQL/wwpbaseobjects/workwithplusmasterpageempty.js?202412161411125 - 200 10810 text/javascript 0.6982ms
info: Microsoft.AspNetCore.Hosting.Diagnostics[1]
      Request starting HTTP/1.1 GET http://localhost/DesignSystemNETMySQL/bootstrap/fonts/glyphicons-halflings-regular.woff2 - - -
info: Microsoft.AspNetCore.StaticFiles.StaticFileMiddleware[2]
      Sending file. Request path: '/bootstrap/fonts/glyphicons-halflings-regular.woff2'. Physical path: 'C:\PROYECTOS\KBs\Design System\NETMySQL002\web\bootstrap\fonts\glyphicons-halflings-regular.woff2'
info: Microsoft.AspNetCore.Hosting.Diagnostics[2]
      Request finished HTTP/1.1 GET http://localhost/DesignSystemNETMySQL/bootstrap/fonts/glyphicons-halflings-regular.woff2 - 200 18028 font/woff2 1.4343ms
info: Microsoft.AspNetCore.Hosting.Diagnostics[1]
      Request starting HTTP/1.1 POST http://localhost/DesignSystemNETMySQL/dslogin.aspx?c01d04b1610243d2a2af23e7952e8b183b5f96075b34b524a535b5c3557b2483,gx-no-cache=1734401409902 - application/json 258
info: Microsoft.AspNetCore.Hosting.Diagnostics[2]
      Request finished HTTP/1.1 POST http://localhost/DesignSystemNETMySQL/dslogin.aspx?c01d04b1610243d2a2af23e7952e8b183b5f96075b34b524a535b5c3557b2483,gx-no-cache=1734401409902 - 200 - application/json 194.9687ms
info: Microsoft.AspNetCore.Hosting.Diagnostics[1]
      Request starting HTTP/1.1 GET http://localhost/DesignSystemNETMySQL/home.aspx - - -
info: Microsoft.AspNetCore.Hosting.Diagnostics[2]
      Request finished HTTP/1.1 GET http://localhost/DesignSystemNETMySQL/home.aspx - 200 - text/html 104.3858ms
info: Microsoft.AspNetCore.Hosting.Diagnostics[1]
      Request starting HTTP/1.1 POST http://localhost/DesignSystemNETMySQL/home.aspx?c01d04b1610243d2a2af23e7952e8b183b5f96075b34b524a535b5c3557b2483,gx-no-cache=1734401410505 - application/json 2497
info: Microsoft.AspNetCore.Hosting.Diagnostics[2]
      Request finished HTTP/1.1 POST http://localhost/DesignSystemNETMySQL/home.aspx?c01d04b1610243d2a2af23e7952e8b183b5f96075b34b524a535b5c3557b2483,gx-no-cache=1734401410505 - 200 - application/json 6.0629ms
info: Microsoft.AspNetCore.Hosting.Diagnostics[1]
      Request starting HTTP/1.1 POST http://127.0.0.1:10212/DESIGNSYSTEMNETMYSQL/iisintegration - - 0
info: Microsoft.AspNetCore.Hosting.Diagnostics[2]
      Request finished HTTP/1.1 POST http://127.0.0.1:10212/DESIGNSYSTEMNETMYSQL/iisintegration - 202 0 - 0.3387ms
